{"c:\\Users\\dell\\Documents\\WEB_DEV_REVISION_ONLINE_CB\\socketIO\\frontend\\jquery.js":{"path":"c:\\Users\\dell\\Documents\\WEB_DEV_REVISION_ONLINE_CB\\socketIO\\frontend\\jquery.js","statementMap":{"0":{"start":{"line":14,"column":0},"end":{"line":10598,"column":4}},"1":{"start":{"line":18,"column":1},"end":{"line":37,"column":2}},"2":{"start":{"line":27,"column":2},"end":{"line":34,"column":5}},"3":{"start":{"line":30,"column":4},"end":{"line":32,"column":5}},"4":{"start":{"line":31,"column":5},"end":{"line":31,"column":67}},"5":{"start":{"line":33,"column":4},"end":{"line":33,"column":24}},"6":{"start":{"line":36,"column":2},"end":{"line":36,"column":20}},"7":{"start":{"line":48,"column":10},"end":{"line":48,"column":12}},"8":{"start":{"line":50,"column":15},"end":{"line":50,"column":30}},"9":{"start":{"line":52,"column":15},"end":{"line":52,"column":36}},"10":{"start":{"line":54,"column":12},"end":{"line":54,"column":21}},"11":{"start":{"line":56,"column":13},"end":{"line":56,"column":23}},"12":{"start":{"line":58,"column":11},"end":{"line":58,"column":19}},"13":{"start":{"line":60,"column":14},"end":{"line":60,"column":25}},"14":{"start":{"line":62,"column":17},"end":{"line":62,"column":19}},"15":{"start":{"line":64,"column":15},"end":{"line":64,"column":34}},"16":{"start":{"line":66,"column":13},"end":{"line":66,"column":38}},"17":{"start":{"line":68,"column":17},"end":{"line":68,"column":32}},"18":{"start":{"line":70,"column":27},"end":{"line":70,"column":52}},"19":{"start":{"line":72,"column":14},"end":{"line":72,"column":16}},"20":{"start":{"line":74,"column":17},"end":{"line":81,"column":3}},"21":{"start":{"line":80,"column":6},"end":{"line":80,"column":75}},"22":{"start":{"line":84,"column":15},"end":{"line":86,"column":2}},"23":{"start":{"line":85,"column":2},"end":{"line":85,"column":43}},"24":{"start":{"line":91,"column":33},"end":{"line":96,"column":2}},"25":{"start":{"line":99,"column":2},"end":{"line":99,"column":24}},"26":{"start":{"line":102,"column":12},"end":{"line":102,"column":41}},"27":{"start":{"line":104,"column":2},"end":{"line":104,"column":21}},"28":{"start":{"line":105,"column":2},"end":{"line":123,"column":3}},"29":{"start":{"line":106,"column":3},"end":{"line":122,"column":4}},"30":{"start":{"line":118,"column":4},"end":{"line":118,"column":67}},"31":{"start":{"line":119,"column":4},"end":{"line":121,"column":5}},"32":{"start":{"line":120,"column":5},"end":{"line":120,"column":35}},"33":{"start":{"line":124,"column":2},"end":{"line":124,"column":66}},"34":{"start":{"line":129,"column":1},"end":{"line":131,"column":2}},"35":{"start":{"line":130,"column":2},"end":{"line":130,"column":18}},"36":{"start":{"line":134,"column":1},"end":{"line":136,"column":13}},"37":{"start":{"line":145,"column":11},"end":{"line":145,"column":18}},"38":{"start":{"line":148,"column":10},"end":{"line":153,"column":2}},"39":{"start":{"line":152,"column":2},"end":{"line":152,"column":49}},"40":{"start":{"line":157,"column":9},"end":{"line":157,"column":45}},"41":{"start":{"line":159,"column":0},"end":{"line":238,"column":2}},"42":{"start":{"line":170,"column":2},"end":{"line":170,"column":28}},"43":{"start":{"line":178,"column":2},"end":{"line":180,"column":3}},"44":{"start":{"line":179,"column":3},"end":{"line":179,"column":29}},"45":{"start":{"line":183,"column":2},"end":{"line":183,"column":59}},"46":{"start":{"line":191,"column":12},"end":{"line":191,"column":53}},"47":{"start":{"line":194,"column":2},"end":{"line":194,"column":24}},"48":{"start":{"line":197,"column":2},"end":{"line":197,"column":13}},"49":{"start":{"line":202,"column":2},"end":{"line":202,"column":39}},"50":{"start":{"line":206,"column":2},"end":{"line":208,"column":8}},"51":{"start":{"line":207,"column":3},"end":{"line":207,"column":41}},"52":{"start":{"line":212,"column":2},"end":{"line":212,"column":58}},"53":{"start":{"line":216,"column":2},"end":{"line":216,"column":22}},"54":{"start":{"line":220,"column":2},"end":{"line":220,"column":23}},"55":{"start":{"line":224,"column":12},"end":{"line":224,"column":23}},"56":{"start":{"line":225,"column":7},"end":{"line":225,"column":31}},"57":{"start":{"line":226,"column":2},"end":{"line":226,"column":66}},"58":{"start":{"line":230,"column":2},"end":{"line":230,"column":47}},"59":{"start":{"line":240,"column":0},"end":{"line":310,"column":2}},"60":{"start":{"line":242,"column":11},"end":{"line":242,"column":31}},"61":{"start":{"line":243,"column":6},"end":{"line":243,"column":7}},"62":{"start":{"line":244,"column":11},"end":{"line":244,"column":27}},"63":{"start":{"line":245,"column":9},"end":{"line":245,"column":14}},"64":{"start":{"line":248,"column":1},"end":{"line":254,"column":2}},"65":{"start":{"line":249,"column":2},"end":{"line":249,"column":16}},"66":{"start":{"line":252,"column":2},"end":{"line":252,"column":32}},"67":{"start":{"line":253,"column":2},"end":{"line":253,"column":6}},"68":{"start":{"line":257,"column":1},"end":{"line":259,"column":2}},"69":{"start":{"line":258,"column":2},"end":{"line":258,"column":14}},"70":{"start":{"line":262,"column":1},"end":{"line":265,"column":2}},"71":{"start":{"line":263,"column":2},"end":{"line":263,"column":16}},"72":{"start":{"line":264,"column":2},"end":{"line":264,"column":6}},"73":{"start":{"line":267,"column":1},"end":{"line":306,"column":2}},"74":{"start":{"line":270,"column":2},"end":{"line":305,"column":3}},"75":{"start":{"line":273,"column":3},"end":{"line":304,"column":4}},"76":{"start":{"line":274,"column":4},"end":{"line":274,"column":27}},"77":{"start":{"line":278,"column":4},"end":{"line":280,"column":5}},"78":{"start":{"line":279,"column":5},"end":{"line":279,"column":14}},"79":{"start":{"line":283,"column":4},"end":{"line":303,"column":5}},"80":{"start":{"line":285,"column":5},"end":{"line":285,"column":26}},"81":{"start":{"line":288,"column":5},"end":{"line":294,"column":6}},"82":{"start":{"line":289,"column":6},"end":{"line":289,"column":17}},"83":{"start":{"line":290,"column":12},"end":{"line":294,"column":6}},"84":{"start":{"line":291,"column":6},"end":{"line":291,"column":17}},"85":{"start":{"line":293,"column":6},"end":{"line":293,"column":18}},"86":{"start":{"line":295,"column":5},"end":{"line":295,"column":25}},"87":{"start":{"line":298,"column":5},"end":{"line":298,"column":57}},"88":{"start":{"line":301,"column":11},"end":{"line":303,"column":5}},"89":{"start":{"line":302,"column":5},"end":{"line":302,"column":27}},"90":{"start":{"line":309,"column":1},"end":{"line":309,"column":15}},"91":{"start":{"line":312,"column":0},"end":{"line":484,"column":4}},"92":{"start":{"line":321,"column":2},"end":{"line":321,"column":25}},"93":{"start":{"line":331,"column":2},"end":{"line":333,"column":3}},"94":{"start":{"line":332,"column":3},"end":{"line":332,"column":16}},"95":{"start":{"line":335,"column":2},"end":{"line":335,"column":26}},"96":{"start":{"line":338,"column":2},"end":{"line":340,"column":3}},"97":{"start":{"line":339,"column":3},"end":{"line":339,"column":15}},"98":{"start":{"line":343,"column":2},"end":{"line":343,"column":66}},"99":{"start":{"line":344,"column":2},"end":{"line":344,"column":88}},"100":{"start":{"line":350,"column":2},"end":{"line":352,"column":3}},"101":{"start":{"line":351,"column":3},"end":{"line":351,"column":16}},"102":{"start":{"line":353,"column":2},"end":{"line":353,"column":14}},"103":{"start":{"line":358,"column":2},"end":{"line":358,"column":55}},"104":{"start":{"line":362,"column":18},"end":{"line":362,"column":19}},"105":{"start":{"line":364,"column":2},"end":{"line":377,"column":3}},"106":{"start":{"line":365,"column":3},"end":{"line":365,"column":23}},"107":{"start":{"line":366,"column":3},"end":{"line":370,"column":4}},"108":{"start":{"line":367,"column":4},"end":{"line":369,"column":5}},"109":{"start":{"line":368,"column":5},"end":{"line":368,"column":11}},"110":{"start":{"line":372,"column":3},"end":{"line":376,"column":4}},"111":{"start":{"line":373,"column":4},"end":{"line":375,"column":5}},"112":{"start":{"line":374,"column":5},"end":{"line":374,"column":11}},"113":{"start":{"line":379,"column":2},"end":{"line":379,"column":13}},"114":{"start":{"line":384,"column":2},"end":{"line":386,"column":38}},"115":{"start":{"line":391,"column":12},"end":{"line":391,"column":25}},"116":{"start":{"line":393,"column":2},"end":{"line":402,"column":3}},"117":{"start":{"line":394,"column":3},"end":{"line":401,"column":4}},"118":{"start":{"line":395,"column":4},"end":{"line":398,"column":6}},"119":{"start":{"line":400,"column":4},"end":{"line":400,"column":26}},"120":{"start":{"line":404,"column":2},"end":{"line":404,"column":13}},"121":{"start":{"line":408,"column":2},"end":{"line":408,"column":57}},"122":{"start":{"line":414,"column":12},"end":{"line":414,"column":26}},"123":{"start":{"line":415,"column":7},"end":{"line":415,"column":8}},"124":{"start":{"line":416,"column":7},"end":{"line":416,"column":19}},"125":{"start":{"line":418,"column":2},"end":{"line":420,"column":3}},"126":{"start":{"line":419,"column":3},"end":{"line":419,"column":30}},"127":{"start":{"line":422,"column":2},"end":{"line":422,"column":19}},"128":{"start":{"line":424,"column":2},"end":{"line":424,"column":15}},"129":{"start":{"line":429,"column":13},"end":{"line":429,"column":15}},"130":{"start":{"line":430,"column":7},"end":{"line":430,"column":8}},"131":{"start":{"line":431,"column":12},"end":{"line":431,"column":24}},"132":{"start":{"line":432,"column":20},"end":{"line":432,"column":27}},"133":{"start":{"line":436,"column":2},"end":{"line":441,"column":3}},"134":{"start":{"line":437,"column":3},"end":{"line":437,"column":48}},"135":{"start":{"line":438,"column":3},"end":{"line":440,"column":4}},"136":{"start":{"line":439,"column":4},"end":{"line":439,"column":31}},"137":{"start":{"line":443,"column":2},"end":{"line":443,"column":17}},"138":{"start":{"line":449,"column":7},"end":{"line":449,"column":8}},"139":{"start":{"line":450,"column":9},"end":{"line":450,"column":11}},"140":{"start":{"line":453,"column":2},"end":{"line":472,"column":3}},"141":{"start":{"line":454,"column":3},"end":{"line":454,"column":25}},"142":{"start":{"line":455,"column":3},"end":{"line":461,"column":4}},"143":{"start":{"line":456,"column":4},"end":{"line":456,"column":43}},"144":{"start":{"line":458,"column":4},"end":{"line":460,"column":5}},"145":{"start":{"line":459,"column":5},"end":{"line":459,"column":23}},"146":{"start":{"line":465,"column":3},"end":{"line":471,"column":4}},"147":{"start":{"line":466,"column":4},"end":{"line":466,"column":43}},"148":{"start":{"line":468,"column":4},"end":{"line":470,"column":5}},"149":{"start":{"line":469,"column":5},"end":{"line":469,"column":23}},"150":{"start":{"line":475,"column":2},"end":{"line":475,"column":33}},"151":{"start":{"line":486,"column":0},"end":{"line":488,"column":1}},"152":{"start":{"line":487,"column":1},"end":{"line":487,"column":55}},"153":{"start":{"line":491,"column":0},"end":{"line":494,"column":4}},"154":{"start":{"line":493,"column":1},"end":{"line":493,"column":60}},"155":{"start":{"line":502,"column":14},"end":{"line":502,"column":52}},"156":{"start":{"line":503,"column":9},"end":{"line":503,"column":22}},"157":{"start":{"line":505,"column":1},"end":{"line":507,"column":2}},"158":{"start":{"line":506,"column":2},"end":{"line":506,"column":15}},"159":{"start":{"line":509,"column":1},"end":{"line":510,"column":68}},"160":{"start":{"line":523,"column":0},"end":{"line":2775,"column":12}},"161":{"start":{"line":548,"column":11},"end":{"line":548,"column":36}},"162":{"start":{"line":549,"column":16},"end":{"line":549,"column":31}},"163":{"start":{"line":550,"column":11},"end":{"line":550,"column":12}},"164":{"start":{"line":551,"column":8},"end":{"line":551,"column":9}},"165":{"start":{"line":552,"column":14},"end":{"line":552,"column":27}},"166":{"start":{"line":553,"column":14},"end":{"line":553,"column":27}},"167":{"start":{"line":554,"column":17},"end":{"line":554,"column":30}},"168":{"start":{"line":555,"column":26},"end":{"line":555,"column":39}},"169":{"start":{"line":556,"column":13},"end":{"line":561,"column":2}},"170":{"start":{"line":557,"column":2},"end":{"line":559,"column":3}},"171":{"start":{"line":558,"column":3},"end":{"line":558,"column":23}},"172":{"start":{"line":560,"column":2},"end":{"line":560,"column":11}},"173":{"start":{"line":564,"column":10},"end":{"line":564,"column":29}},"174":{"start":{"line":565,"column":7},"end":{"line":565,"column":9}},"175":{"start":{"line":566,"column":7},"end":{"line":566,"column":14}},"176":{"start":{"line":567,"column":15},"end":{"line":567,"column":23}},"177":{"start":{"line":568,"column":8},"end":{"line":568,"column":16}},"178":{"start":{"line":569,"column":9},"end":{"line":569,"column":18}},"179":{"start":{"line":572,"column":11},"end":{"line":581,"column":2}},"180":{"start":{"line":573,"column":10},"end":{"line":573,"column":11}},"181":{"start":{"line":574,"column":9},"end":{"line":574,"column":20}},"182":{"start":{"line":575,"column":2},"end":{"line":579,"column":3}},"183":{"start":{"line":576,"column":3},"end":{"line":578,"column":4}},"184":{"start":{"line":577,"column":4},"end":{"line":577,"column":13}},"185":{"start":{"line":580,"column":2},"end":{"line":580,"column":12}},"186":{"start":{"line":583,"column":12},"end":{"line":583,"column":136}},"187":{"start":{"line":588,"column":14},"end":{"line":588,"column":35}},"188":{"start":{"line":591,"column":14},"end":{"line":591,"column":45}},"189":{"start":{"line":594,"column":14},"end":{"line":599,"column":8}},"190":{"start":{"line":601,"column":11},"end":{"line":609,"column":10}},"191":{"start":{"line":612,"column":15},"end":{"line":612,"column":50}},"192":{"start":{"line":613,"column":9},"end":{"line":613,"column":96}},"193":{"start":{"line":615,"column":10},"end":{"line":615,"column":66}},"194":{"start":{"line":616,"column":16},"end":{"line":616,"column":97}},"195":{"start":{"line":617,"column":12},"end":{"line":617,"column":43}},"196":{"start":{"line":619,"column":11},"end":{"line":619,"column":32}},"197":{"start":{"line":620,"column":15},"end":{"line":620,"column":51}},"198":{"start":{"line":622,"column":13},"end":{"line":636,"column":2}},"199":{"start":{"line":638,"column":9},"end":{"line":638,"column":17}},"200":{"start":{"line":639,"column":11},"end":{"line":639,"column":48}},"201":{"start":{"line":640,"column":11},"end":{"line":640,"column":19}},"202":{"start":{"line":642,"column":11},"end":{"line":642,"column":35}},"203":{"start":{"line":645,"column":14},"end":{"line":645,"column":48}},"204":{"start":{"line":647,"column":12},"end":{"line":647,"column":18}},"205":{"start":{"line":651,"column":13},"end":{"line":651,"column":96}},"206":{"start":{"line":652,"column":13},"end":{"line":664,"column":2}},"207":{"start":{"line":653,"column":13},"end":{"line":653,"column":37}},"208":{"start":{"line":657,"column":2},"end":{"line":663,"column":70}},"209":{"start":{"line":668,"column":14},"end":{"line":668,"column":67}},"210":{"start":{"line":669,"column":14},"end":{"line":683,"column":2}},"211":{"start":{"line":670,"column":2},"end":{"line":679,"column":3}},"212":{"start":{"line":673,"column":3},"end":{"line":675,"column":4}},"213":{"start":{"line":674,"column":4},"end":{"line":674,"column":20}},"214":{"start":{"line":678,"column":3},"end":{"line":678,"column":89}},"215":{"start":{"line":682,"column":2},"end":{"line":682,"column":19}},"216":{"start":{"line":689,"column":17},"end":{"line":691,"column":2}},"217":{"start":{"line":690,"column":2},"end":{"line":690,"column":16}},"218":{"start":{"line":693,"column":22},"end":{"line":698,"column":2}},"219":{"start":{"line":695,"column":3},"end":{"line":695,"column":79}},"220":{"start":{"line":701,"column":0},"end":{"line":727,"column":1}},"221":{"start":{"line":702,"column":1},"end":{"line":705,"column":3}},"222":{"start":{"line":708,"column":1},"end":{"line":708,"column":48}},"223":{"start":{"line":710,"column":1},"end":{"line":726,"column":3}},"224":{"start":{"line":714,"column":3},"end":{"line":714,"column":48}},"225":{"start":{"line":720,"column":11},"end":{"line":720,"column":24}},"226":{"start":{"line":721,"column":8},"end":{"line":721,"column":9}},"227":{"start":{"line":723,"column":3},"end":{"line":723,"column":40}},"228":{"start":{"line":724,"column":3},"end":{"line":724,"column":25}},"229":{"start":{"line":731,"column":15},"end":{"line":731,"column":47}},"230":{"start":{"line":734,"column":13},"end":{"line":734,"column":43}},"231":{"start":{"line":736,"column":1},"end":{"line":736,"column":25}},"232":{"start":{"line":739,"column":1},"end":{"line":743,"column":2}},"233":{"start":{"line":742,"column":2},"end":{"line":742,"column":17}},"234":{"start":{"line":746,"column":1},"end":{"line":859,"column":2}},"235":{"start":{"line":748,"column":2},"end":{"line":750,"column":3}},"236":{"start":{"line":749,"column":3},"end":{"line":749,"column":26}},"237":{"start":{"line":751,"column":2},"end":{"line":751,"column":32}},"238":{"start":{"line":753,"column":2},"end":{"line":858,"column":3}},"239":{"start":{"line":757,"column":3},"end":{"line":804,"column":4}},"240":{"start":{"line":760,"column":4},"end":{"line":803,"column":5}},"241":{"start":{"line":763,"column":5},"end":{"line":790,"column":6}},"242":{"start":{"line":764,"column":6},"end":{"line":775,"column":7}},"243":{"start":{"line":769,"column":7},"end":{"line":772,"column":8}},"244":{"start":{"line":770,"column":8},"end":{"line":770,"column":29}},"245":{"start":{"line":771,"column":8},"end":{"line":771,"column":23}},"246":{"start":{"line":774,"column":7},"end":{"line":774,"column":22}},"247":{"start":{"line":783,"column":6},"end":{"line":789,"column":7}},"248":{"start":{"line":787,"column":7},"end":{"line":787,"column":28}},"249":{"start":{"line":788,"column":7},"end":{"line":788,"column":22}},"250":{"start":{"line":793,"column":11},"end":{"line":803,"column":5}},"251":{"start":{"line":794,"column":5},"end":{"line":794,"column":69}},"252":{"start":{"line":795,"column":5},"end":{"line":795,"column":20}},"253":{"start":{"line":798,"column":11},"end":{"line":803,"column":5}},"254":{"start":{"line":801,"column":5},"end":{"line":801,"column":64}},"255":{"start":{"line":802,"column":5},"end":{"line":802,"column":20}},"256":{"start":{"line":807,"column":3},"end":{"line":857,"column":4}},"257":{"start":{"line":815,"column":4},"end":{"line":815,"column":27}},"258":{"start":{"line":816,"column":4},"end":{"line":816,"column":25}},"259":{"start":{"line":823,"column":4},"end":{"line":843,"column":5}},"260":{"start":{"line":826,"column":5},"end":{"line":830,"column":6}},"261":{"start":{"line":827,"column":6},"end":{"line":827,"column":50}},"262":{"start":{"line":829,"column":6},"end":{"line":829,"column":52}},"263":{"start":{"line":833,"column":5},"end":{"line":833,"column":35}},"264":{"start":{"line":834,"column":5},"end":{"line":834,"column":23}},"265":{"start":{"line":835,"column":5},"end":{"line":837,"column":6}},"266":{"start":{"line":836,"column":6},"end":{"line":836,"column":60}},"267":{"start":{"line":838,"column":5},"end":{"line":838,"column":38}},"268":{"start":{"line":841,"column":5},"end":{"line":842,"column":14}},"269":{"start":{"line":845,"column":4},"end":{"line":856,"column":5}},"270":{"start":{"line":846,"column":5},"end":{"line":848,"column":7}},"271":{"start":{"line":849,"column":5},"end":{"line":849,"column":20}},"272":{"start":{"line":851,"column":5},"end":{"line":851,"column":46}},"273":{"start":{"line":853,"column":5},"end":{"line":855,"column":6}},"274":{"start":{"line":854,"column":6},"end":{"line":854,"column":38}},"275":{"start":{"line":862,"column":1},"end":{"line":862,"column":74}},"276":{"start":{"line":872,"column":12},"end":{"line":872,"column":14}},"277":{"start":{"line":876,"column":2},"end":{"line":879,"column":3}},"278":{"start":{"line":878,"column":3},"end":{"line":878,"column":32}},"279":{"start":{"line":880,"column":2},"end":{"line":880,"column":38}},"280":{"start":{"line":882,"column":1},"end":{"line":882,"column":14}},"281":{"start":{"line":890,"column":1},"end":{"line":890,"column":22}},"282":{"start":{"line":891,"column":1},"end":{"line":891,"column":11}},"283":{"start":{"line":899,"column":10},"end":{"line":899,"column":44}},"284":{"start":{"line":901,"column":1},"end":{"line":912,"column":2}},"285":{"start":{"line":902,"column":2},"end":{"line":902,"column":20}},"286":{"start":{"line":904,"column":2},"end":{"line":904,"column":15}},"287":{"start":{"line":907,"column":2},"end":{"line":909,"column":3}},"288":{"start":{"line":908,"column":3},"end":{"line":908,"column":35}},"289":{"start":{"line":911,"column":2},"end":{"line":911,"column":12}},"290":{"start":{"line":921,"column":11},"end":{"line":921,"column":27}},"291":{"start":{"line":922,"column":6},"end":{"line":922,"column":16}},"292":{"start":{"line":924,"column":1},"end":{"line":926,"column":2}},"293":{"start":{"line":925,"column":2},"end":{"line":925,"column":38}},"294":{"start":{"line":936,"column":11},"end":{"line":936,"column":17}},"295":{"start":{"line":937,"column":9},"end":{"line":938,"column":32}},"296":{"start":{"line":941,"column":1},"end":{"line":943,"column":2}},"297":{"start":{"line":942,"column":2},"end":{"line":942,"column":14}},"298":{"start":{"line":946,"column":1},"end":{"line":952,"column":2}},"299":{"start":{"line":947,"column":2},"end":{"line":951,"column":3}},"300":{"start":{"line":948,"column":3},"end":{"line":950,"column":4}},"301":{"start":{"line":949,"column":4},"end":{"line":949,"column":14}},"302":{"start":{"line":954,"column":1},"end":{"line":954,"column":19}},"303":{"start":{"line":962,"column":1},"end":{"line":965,"column":3}},"304":{"start":{"line":963,"column":13},"end":{"line":963,"column":40}},"305":{"start":{"line":964,"column":2},"end":{"line":964,"column":48}},"306":{"start":{"line":973,"column":1},"end":{"line":976,"column":3}},"307":{"start":{"line":974,"column":13},"end":{"line":974,"column":40}},"308":{"start":{"line":975,"column":2},"end":{"line":975,"column":71}},"309":{"start":{"line":986,"column":1},"end":{"line":1032,"column":3}},"310":{"start":{"line":991,"column":2},"end":{"line":1028,"column":3}},"311":{"start":{"line":1000,"column":3},"end":{"line":1019,"column":4}},"312":{"start":{"line":1003,"column":4},"end":{"line":1009,"column":5}},"313":{"start":{"line":1004,"column":5},"end":{"line":1008,"column":6}},"314":{"start":{"line":1005,"column":6},"end":{"line":1005,"column":51}},"315":{"start":{"line":1007,"column":6},"end":{"line":1007,"column":40}},"316":{"start":{"line":1013,"column":4},"end":{"line":1018,"column":46}},"317":{"start":{"line":1021,"column":3},"end":{"line":1021,"column":37}},"318":{"start":{"line":1026,"column":9},"end":{"line":1028,"column":3}},"319":{"start":{"line":1027,"column":3},"end":{"line":1027,"column":37}},"320":{"start":{"line":1031,"column":2},"end":{"line":1031,"column":15}},"321":{"start":{"line":1040,"column":1},"end":{"line":1054,"column":4}},"322":{"start":{"line":1041,"column":2},"end":{"line":1041,"column":23}},"323":{"start":{"line":1042,"column":2},"end":{"line":1053,"column":5}},"324":{"start":{"line":1044,"column":19},"end":{"line":1044,"column":50}},"325":{"start":{"line":1045,"column":8},"end":{"line":1045,"column":27}},"326":{"start":{"line":1048,"column":3},"end":{"line":1052,"column":4}},"327":{"start":{"line":1049,"column":4},"end":{"line":1051,"column":5}},"328":{"start":{"line":1050,"column":5},"end":{"line":1050,"column":39}},"329":{"start":{"line":1063,"column":1},"end":{"line":1063,"column":82}},"330":{"start":{"line":1067,"column":0},"end":{"line":1067,"column":30}},"331":{"start":{"line":1074,"column":0},"end":{"line":1082,"column":2}},"332":{"start":{"line":1075,"column":17},"end":{"line":1075,"column":34}},"333":{"start":{"line":1076,"column":12},"end":{"line":1076,"column":56}},"334":{"start":{"line":1081,"column":1},"end":{"line":1081,"column":74}},"335":{"start":{"line":1089,"column":0},"end":{"line":1491,"column":2}},"336":{"start":{"line":1091,"column":8},"end":{"line":1091,"column":56}},"337":{"start":{"line":1094,"column":1},"end":{"line":1096,"column":2}},"338":{"start":{"line":1095,"column":2},"end":{"line":1095,"column":18}},"339":{"start":{"line":1099,"column":1},"end":{"line":1099,"column":16}},"340":{"start":{"line":1100,"column":1},"end":{"line":1100,"column":36}},"341":{"start":{"line":1101,"column":1},"end":{"line":1101,"column":37}},"342":{"start":{"line":1105,"column":1},"end":{"line":1116,"column":2}},"343":{"start":{"line":1109,"column":2},"end":{"line":1115,"column":3}},"344":{"start":{"line":1110,"column":3},"end":{"line":1110,"column":64}},"345":{"start":{"line":1113,"column":9},"end":{"line":1115,"column":3}},"346":{"start":{"line":1114,"column":3},"end":{"line":1114,"column":54}},"347":{"start":{"line":1124,"column":1},"end":{"line":1127,"column":4}},"348":{"start":{"line":1125,"column":2},"end":{"line":1125,"column":21}},"349":{"start":{"line":1126,"column":2},"end":{"line":1126,"column":39}},"350":{"start":{"line":1133,"column":1},"end":{"line":1136,"column":4}},"351":{"start":{"line":1134,"column":2},"end":{"line":1134,"column":47}},"352":{"start":{"line":1135,"column":2},"end":{"line":1135,"column":46}},"353":{"start":{"line":1139,"column":1},"end":{"line":1139,"column":82}},"354":{"start":{"line":1145,"column":1},"end":{"line":1148,"column":4}},"355":{"start":{"line":1146,"column":2},"end":{"line":1146,"column":41}},"356":{"start":{"line":1147,"column":2},"end":{"line":1147,"column":86}},"357":{"start":{"line":1151,"column":1},"end":{"line":1203,"column":2}},"358":{"start":{"line":1152,"column":2},"end":{"line":1157,"column":4}},"359":{"start":{"line":1153,"column":16},"end":{"line":1153,"column":50}},"360":{"start":{"line":1154,"column":3},"end":{"line":1156,"column":5}},"361":{"start":{"line":1155,"column":4},"end":{"line":1155,"column":46}},"362":{"start":{"line":1158,"column":2},"end":{"line":1163,"column":4}},"363":{"start":{"line":1159,"column":3},"end":{"line":1162,"column":4}},"364":{"start":{"line":1160,"column":15},"end":{"line":1160,"column":43}},"365":{"start":{"line":1161,"column":4},"end":{"line":1161,"column":32}},"366":{"start":{"line":1165,"column":2},"end":{"line":1172,"column":4}},"367":{"start":{"line":1166,"column":16},"end":{"line":1166,"column":50}},"368":{"start":{"line":1167,"column":3},"end":{"line":1171,"column":5}},"369":{"start":{"line":1168,"column":15},"end":{"line":1169,"column":32}},"370":{"start":{"line":1170,"column":4},"end":{"line":1170,"column":41}},"371":{"start":{"line":1176,"column":2},"end":{"line":1202,"column":4}},"372":{"start":{"line":1177,"column":3},"end":{"line":1201,"column":4}},"373":{"start":{"line":1179,"column":12},"end":{"line":1179,"column":40}},"374":{"start":{"line":1181,"column":4},"end":{"line":1198,"column":5}},"375":{"start":{"line":1184,"column":5},"end":{"line":1184,"column":40}},"376":{"start":{"line":1185,"column":5},"end":{"line":1187,"column":6}},"377":{"start":{"line":1186,"column":6},"end":{"line":1186,"column":22}},"378":{"start":{"line":1190,"column":5},"end":{"line":1190,"column":45}},"379":{"start":{"line":1191,"column":5},"end":{"line":1191,"column":11}},"380":{"start":{"line":1192,"column":5},"end":{"line":1197,"column":6}},"381":{"start":{"line":1193,"column":6},"end":{"line":1193,"column":41}},"382":{"start":{"line":1194,"column":6},"end":{"line":1196,"column":7}},"383":{"start":{"line":1195,"column":7},"end":{"line":1195,"column":23}},"384":{"start":{"line":1200,"column":4},"end":{"line":1200,"column":14}},"385":{"start":{"line":1206,"column":1},"end":{"line":1235,"column":4}},"386":{"start":{"line":1208,"column":3},"end":{"line":1214,"column":4}},"387":{"start":{"line":1209,"column":4},"end":{"line":1209,"column":47}},"388":{"start":{"line":1212,"column":10},"end":{"line":1214,"column":4}},"389":{"start":{"line":1213,"column":4},"end":{"line":1213,"column":43}},"390":{"start":{"line":1219,"column":10},"end":{"line":1219,"column":12}},"391":{"start":{"line":1220,"column":8},"end":{"line":1220,"column":9}},"392":{"start":{"line":1222,"column":14},"end":{"line":1222,"column":49}},"393":{"start":{"line":1225,"column":3},"end":{"line":1233,"column":4}},"394":{"start":{"line":1226,"column":4},"end":{"line":1230,"column":5}},"395":{"start":{"line":1227,"column":5},"end":{"line":1229,"column":6}},"396":{"start":{"line":1228,"column":6},"end":{"line":1228,"column":23}},"397":{"start":{"line":1232,"column":4},"end":{"line":1232,"column":15}},"398":{"start":{"line":1234,"column":3},"end":{"line":1234,"column":18}},"399":{"start":{"line":1238,"column":1},"end":{"line":1242,"column":3}},"400":{"start":{"line":1239,"column":2},"end":{"line":1241,"column":3}},"401":{"start":{"line":1240,"column":3},"end":{"line":1240,"column":54}},"402":{"start":{"line":1250,"column":1},"end":{"line":1250,"column":20}},"403":{"start":{"line":1257,"column":1},"end":{"line":1257,"column":16}},"404":{"start":{"line":1259,"column":1},"end":{"line":1339,"column":2}},"405":{"start":{"line":1262,"column":2},"end":{"line":1304,"column":5}},"406":{"start":{"line":1268,"column":3},"end":{"line":1270,"column":45}},"407":{"start":{"line":1276,"column":3},"end":{"line":1278,"column":4}},"408":{"start":{"line":1277,"column":4},"end":{"line":1277,"column":61}},"409":{"start":{"line":1282,"column":3},"end":{"line":1284,"column":4}},"410":{"start":{"line":1283,"column":4},"end":{"line":1283,"column":73}},"411":{"start":{"line":1287,"column":3},"end":{"line":1289,"column":4}},"412":{"start":{"line":1288,"column":4},"end":{"line":1288,"column":25}},"413":{"start":{"line":1294,"column":3},"end":{"line":1296,"column":4}},"414":{"start":{"line":1295,"column":4},"end":{"line":1295,"column":31}},"415":{"start":{"line":1301,"column":3},"end":{"line":1303,"column":4}},"416":{"start":{"line":1302,"column":4},"end":{"line":1302,"column":31}},"417":{"start":{"line":1306,"column":2},"end":{"line":1338,"column":5}},"418":{"start":{"line":1307,"column":3},"end":{"line":1308,"column":53}},"419":{"start":{"line":1312,"column":15},"end":{"line":1312,"column":46}},"420":{"start":{"line":1313,"column":3},"end":{"line":1313,"column":42}},"421":{"start":{"line":1314,"column":3},"end":{"line":1314,"column":55}},"422":{"start":{"line":1318,"column":3},"end":{"line":1320,"column":4}},"423":{"start":{"line":1319,"column":4},"end":{"line":1319,"column":58}},"424":{"start":{"line":1324,"column":3},"end":{"line":1326,"column":4}},"425":{"start":{"line":1325,"column":4},"end":{"line":1325,"column":46}},"426":{"start":{"line":1330,"column":3},"end":{"line":1330,"column":45}},"427":{"start":{"line":1331,"column":3},"end":{"line":1333,"column":4}},"428":{"start":{"line":1332,"column":4},"end":{"line":1332,"column":46}},"429":{"start":{"line":1336,"column":3},"end":{"line":1336,"column":31}},"430":{"start":{"line":1337,"column":3},"end":{"line":1337,"column":26}},"431":{"start":{"line":1341,"column":1},"end":{"line":1357,"column":2}},"432":{"start":{"line":1347,"column":2},"end":{"line":1356,"column":5}},"433":{"start":{"line":1350,"column":3},"end":{"line":1350,"column":55}},"434":{"start":{"line":1354,"column":3},"end":{"line":1354,"column":35}},"435":{"start":{"line":1355,"column":3},"end":{"line":1355,"column":39}},"436":{"start":{"line":1359,"column":1},"end":{"line":1359,"column":67}},"437":{"start":{"line":1360,"column":1},"end":{"line":1360,"column":79}},"438":{"start":{"line":1364,"column":1},"end":{"line":1364,"column":62}},"439":{"start":{"line":1369,"column":1},"end":{"line":1388,"column":4}},"440":{"start":{"line":1371,"column":15},"end":{"line":1371,"column":55}},"441":{"start":{"line":1372,"column":10},"end":{"line":1372,"column":27}},"442":{"start":{"line":1373,"column":3},"end":{"line":1377,"column":6}},"443":{"start":{"line":1380,"column":3},"end":{"line":1386,"column":4}},"444":{"start":{"line":1381,"column":4},"end":{"line":1385,"column":5}},"445":{"start":{"line":1382,"column":5},"end":{"line":1384,"column":6}},"446":{"start":{"line":1383,"column":6},"end":{"line":1383,"column":18}},"447":{"start":{"line":1387,"column":3},"end":{"line":1387,"column":16}},"448":{"start":{"line":1394,"column":1},"end":{"line":1488,"column":3}},"449":{"start":{"line":1398,"column":2},"end":{"line":1401,"column":3}},"450":{"start":{"line":1399,"column":3},"end":{"line":1399,"column":23}},"451":{"start":{"line":1400,"column":3},"end":{"line":1400,"column":12}},"452":{"start":{"line":1404,"column":16},"end":{"line":1404,"column":71}},"453":{"start":{"line":1405,"column":2},"end":{"line":1407,"column":3}},"454":{"start":{"line":1406,"column":3},"end":{"line":1406,"column":18}},"455":{"start":{"line":1410,"column":2},"end":{"line":1414,"column":5}},"456":{"start":{"line":1417,"column":2},"end":{"line":1432,"column":3}},"457":{"start":{"line":1421,"column":3},"end":{"line":1423,"column":4}},"458":{"start":{"line":1422,"column":4},"end":{"line":1422,"column":14}},"459":{"start":{"line":1424,"column":3},"end":{"line":1426,"column":4}},"460":{"start":{"line":1425,"column":4},"end":{"line":1425,"column":13}},"461":{"start":{"line":1429,"column":3},"end":{"line":1431,"column":6}},"462":{"start":{"line":1434,"column":2},"end":{"line":1434,"column":30}},"463":{"start":{"line":1438,"column":2},"end":{"line":1441,"column":3}},"464":{"start":{"line":1439,"column":3},"end":{"line":1439,"column":23}},"465":{"start":{"line":1440,"column":3},"end":{"line":1440,"column":12}},"466":{"start":{"line":1444,"column":7},"end":{"line":1444,"column":8}},"467":{"start":{"line":1445,"column":9},"end":{"line":1445,"column":21}},"468":{"start":{"line":1446,"column":9},"end":{"line":1446,"column":21}},"469":{"start":{"line":1447,"column":8},"end":{"line":1447,"column":13}},"470":{"start":{"line":1448,"column":8},"end":{"line":1448,"column":13}},"471":{"start":{"line":1451,"column":2},"end":{"line":1463,"column":3}},"472":{"start":{"line":1452,"column":3},"end":{"line":1458,"column":6}},"473":{"start":{"line":1461,"column":9},"end":{"line":1463,"column":3}},"474":{"start":{"line":1462,"column":3},"end":{"line":1462,"column":31}},"475":{"start":{"line":1466,"column":2},"end":{"line":1466,"column":10}},"476":{"start":{"line":1467,"column":2},"end":{"line":1469,"column":3}},"477":{"start":{"line":1468,"column":3},"end":{"line":1468,"column":21}},"478":{"start":{"line":1470,"column":2},"end":{"line":1470,"column":10}},"479":{"start":{"line":1471,"column":2},"end":{"line":1473,"column":3}},"480":{"start":{"line":1472,"column":3},"end":{"line":1472,"column":21}},"481":{"start":{"line":1476,"column":2},"end":{"line":1478,"column":3}},"482":{"start":{"line":1477,"column":3},"end":{"line":1477,"column":7}},"483":{"start":{"line":1480,"column":2},"end":{"line":1487,"column":5}},"484":{"start":{"line":1490,"column":1},"end":{"line":1490,"column":17}},"485":{"start":{"line":1493,"column":0},"end":{"line":1495,"column":2}},"486":{"start":{"line":1494,"column":1},"end":{"line":1494,"column":45}},"487":{"start":{"line":1497,"column":0},"end":{"line":1524,"column":2}},"488":{"start":{"line":1499,"column":1},"end":{"line":1501,"column":2}},"489":{"start":{"line":1500,"column":2},"end":{"line":1500,"column":22}},"490":{"start":{"line":1503,"column":1},"end":{"line":1521,"column":2}},"491":{"start":{"line":1508,"column":2},"end":{"line":1520,"column":3}},"492":{"start":{"line":1509,"column":13},"end":{"line":1509,"column":39}},"493":{"start":{"line":1512,"column":3},"end":{"line":1517,"column":4}},"494":{"start":{"line":1516,"column":4},"end":{"line":1516,"column":15}},"495":{"start":{"line":1519,"column":3},"end":{"line":1519,"column":40}},"496":{"start":{"line":1523,"column":1},"end":{"line":1523,"column":60}},"497":{"start":{"line":1526,"column":0},"end":{"line":1532,"column":2}},"498":{"start":{"line":1528,"column":1},"end":{"line":1530,"column":2}},"499":{"start":{"line":1529,"column":2},"end":{"line":1529,"column":25}},"500":{"start":{"line":1531,"column":1},"end":{"line":1531,"column":34}},"501":{"start":{"line":1534,"column":0},"end":{"line":1553,"column":2}},"502":{"start":{"line":1536,"column":1},"end":{"line":1538,"column":2}},"503":{"start":{"line":1537,"column":2},"end":{"line":1537,"column":22}},"504":{"start":{"line":1540,"column":10},"end":{"line":1540,"column":47}},"505":{"start":{"line":1542,"column":8},"end":{"line":1544,"column":12}},"506":{"start":{"line":1546,"column":1},"end":{"line":1552,"column":9}},"507":{"start":{"line":1555,"column":0},"end":{"line":1557,"column":2}},"508":{"start":{"line":1556,"column":1},"end":{"line":1556,"column":53}},"509":{"start":{"line":1559,"column":0},"end":{"line":1561,"column":2}},"510":{"start":{"line":1560,"column":1},"end":{"line":1560,"column":68}},"511":{"start":{"line":1567,"column":0},"end":{"line":1594,"column":2}},"512":{"start":{"line":1569,"column":15},"end":{"line":1569,"column":17}},"513":{"start":{"line":1570,"column":6},"end":{"line":1570,"column":7}},"514":{"start":{"line":1571,"column":6},"end":{"line":1571,"column":7}},"515":{"start":{"line":1574,"column":1},"end":{"line":1574,"column":42}},"516":{"start":{"line":1575,"column":1},"end":{"line":1575,"column":55}},"517":{"start":{"line":1576,"column":1},"end":{"line":1576,"column":27}},"518":{"start":{"line":1578,"column":1},"end":{"line":1587,"column":2}},"519":{"start":{"line":1579,"column":2},"end":{"line":1583,"column":3}},"520":{"start":{"line":1580,"column":3},"end":{"line":1582,"column":4}},"521":{"start":{"line":1581,"column":4},"end":{"line":1581,"column":29}},"522":{"start":{"line":1584,"column":2},"end":{"line":1586,"column":3}},"523":{"start":{"line":1585,"column":3},"end":{"line":1585,"column":40}},"524":{"start":{"line":1591,"column":1},"end":{"line":1591,"column":18}},"525":{"start":{"line":1593,"column":1},"end":{"line":1593,"column":16}},"526":{"start":{"line":1600,"column":0},"end":{"line":1629,"column":2}},"527":{"start":{"line":1602,"column":8},"end":{"line":1602,"column":10}},"528":{"start":{"line":1603,"column":6},"end":{"line":1603,"column":7}},"529":{"start":{"line":1604,"column":13},"end":{"line":1604,"column":26}},"530":{"start":{"line":1606,"column":1},"end":{"line":1625,"column":2}},"531":{"start":{"line":1608,"column":2},"end":{"line":1611,"column":3}},"532":{"start":{"line":1610,"column":3},"end":{"line":1610,"column":26}},"533":{"start":{"line":1612,"column":8},"end":{"line":1625,"column":2}},"534":{"start":{"line":1615,"column":2},"end":{"line":1622,"column":3}},"535":{"start":{"line":1616,"column":3},"end":{"line":1616,"column":27}},"536":{"start":{"line":1619,"column":3},"end":{"line":1621,"column":4}},"537":{"start":{"line":1620,"column":4},"end":{"line":1620,"column":27}},"538":{"start":{"line":1623,"column":8},"end":{"line":1625,"column":2}},"539":{"start":{"line":1624,"column":2},"end":{"line":1624,"column":24}},"540":{"start":{"line":1628,"column":1},"end":{"line":1628,"column":12}},"541":{"start":{"line":1631,"column":0},"end":{"line":2137,"column":2}},"542":{"start":{"line":1653,"column":3},"end":{"line":1653,"column":55}},"543":{"start":{"line":1656,"column":3},"end":{"line":1656,"column":89}},"544":{"start":{"line":1658,"column":3},"end":{"line":1660,"column":4}},"545":{"start":{"line":1659,"column":4},"end":{"line":1659,"column":36}},"546":{"start":{"line":1662,"column":3},"end":{"line":1662,"column":30}},"547":{"start":{"line":1676,"column":3},"end":{"line":1676,"column":37}},"548":{"start":{"line":1678,"column":3},"end":{"line":1692,"column":4}},"549":{"start":{"line":1680,"column":4},"end":{"line":1682,"column":5}},"550":{"start":{"line":1681,"column":5},"end":{"line":1681,"column":30}},"551":{"start":{"line":1686,"column":4},"end":{"line":1686,"column":110}},"552":{"start":{"line":1687,"column":4},"end":{"line":1687,"column":66}},"553":{"start":{"line":1690,"column":10},"end":{"line":1692,"column":4}},"554":{"start":{"line":1691,"column":4},"end":{"line":1691,"column":29}},"555":{"start":{"line":1694,"column":3},"end":{"line":1694,"column":16}},"556":{"start":{"line":1699,"column":15},"end":{"line":1699,"column":36}},"557":{"start":{"line":1701,"column":3},"end":{"line":1703,"column":4}},"558":{"start":{"line":1702,"column":4},"end":{"line":1702,"column":16}},"559":{"start":{"line":1706,"column":3},"end":{"line":1719,"column":4}},"560":{"start":{"line":1707,"column":4},"end":{"line":1707,"column":42}},"561":{"start":{"line":1710,"column":10},"end":{"line":1719,"column":4}},"562":{"start":{"line":1717,"column":4},"end":{"line":1717,"column":43}},"563":{"start":{"line":1718,"column":4},"end":{"line":1718,"column":43}},"564":{"start":{"line":1722,"column":3},"end":{"line":1722,"column":30}},"565":{"start":{"line":1729,"column":18},"end":{"line":1729,"column":80}},"566":{"start":{"line":1730,"column":3},"end":{"line":1734,"column":6}},"567":{"start":{"line":1731,"column":17},"end":{"line":1731,"column":29}},"568":{"start":{"line":1733,"column":5},"end":{"line":1733,"column":70}},"569":{"start":{"line":1738,"column":17},"end":{"line":1738,"column":46}},"570":{"start":{"line":1740,"column":3},"end":{"line":1744,"column":7}},"571":{"start":{"line":1743,"column":5},"end":{"line":1743,"column":161}},"572":{"start":{"line":1748,"column":3},"end":{"line":1768,"column":5}},"573":{"start":{"line":1749,"column":17},"end":{"line":1749,"column":42}},"574":{"start":{"line":1751,"column":4},"end":{"line":1753,"column":5}},"575":{"start":{"line":1752,"column":5},"end":{"line":1752,"column":30}},"576":{"start":{"line":1754,"column":4},"end":{"line":1756,"column":5}},"577":{"start":{"line":1755,"column":5},"end":{"line":1755,"column":17}},"578":{"start":{"line":1758,"column":4},"end":{"line":1758,"column":17}},"579":{"start":{"line":1760,"column":4},"end":{"line":1767,"column":11}},"580":{"start":{"line":1772,"column":16},"end":{"line":1772,"column":44}},"581":{"start":{"line":1773,"column":14},"end":{"line":1773,"column":41}},"582":{"start":{"line":1774,"column":13},"end":{"line":1774,"column":31}},"583":{"start":{"line":1776,"column":3},"end":{"line":1897,"column":6}},"584":{"start":{"line":1780,"column":5},"end":{"line":1780,"column":30}},"585":{"start":{"line":1785,"column":12},"end":{"line":1785,"column":66}},"586":{"start":{"line":1786,"column":15},"end":{"line":1786,"column":30}},"587":{"start":{"line":1787,"column":13},"end":{"line":1787,"column":50}},"588":{"start":{"line":1788,"column":17},"end":{"line":1788,"column":32}},"589":{"start":{"line":1789,"column":13},"end":{"line":1789,"column":18}},"590":{"start":{"line":1791,"column":5},"end":{"line":1896,"column":6}},"591":{"start":{"line":1794,"column":6},"end":{"line":1809,"column":7}},"592":{"start":{"line":1795,"column":7},"end":{"line":1807,"column":8}},"593":{"start":{"line":1796,"column":8},"end":{"line":1796,"column":20}},"594":{"start":{"line":1797,"column":8},"end":{"line":1804,"column":9}},"595":{"start":{"line":1798,"column":9},"end":{"line":1803,"column":10}},"596":{"start":{"line":1802,"column":10},"end":{"line":1802,"column":23}},"597":{"start":{"line":1806,"column":8},"end":{"line":1806,"column":65}},"598":{"start":{"line":1808,"column":7},"end":{"line":1808,"column":19}},"599":{"start":{"line":1811,"column":6},"end":{"line":1811,"column":65}},"600":{"start":{"line":1814,"column":6},"end":{"line":1891,"column":7}},"601":{"start":{"line":1819,"column":7},"end":{"line":1819,"column":21}},"602":{"start":{"line":1820,"column":7},"end":{"line":1820,"column":62}},"603":{"start":{"line":1824,"column":7},"end":{"line":1825,"column":43}},"604":{"start":{"line":1827,"column":7},"end":{"line":1827,"column":41}},"605":{"start":{"line":1828,"column":7},"end":{"line":1828,"column":56}},"606":{"start":{"line":1829,"column":7},"end":{"line":1829,"column":38}},"607":{"start":{"line":1830,"column":7},"end":{"line":1830,"column":58}},"608":{"start":{"line":1832,"column":7},"end":{"line":1842,"column":8}},"609":{"start":{"line":1838,"column":8},"end":{"line":1841,"column":9}},"610":{"start":{"line":1839,"column":9},"end":{"line":1839,"column":60}},"611":{"start":{"line":1840,"column":9},"end":{"line":1840,"column":15}},"612":{"start":{"line":1846,"column":7},"end":{"line":1859,"column":8}},"613":{"start":{"line":1848,"column":8},"end":{"line":1848,"column":20}},"614":{"start":{"line":1849,"column":8},"end":{"line":1849,"column":63}},"615":{"start":{"line":1853,"column":8},"end":{"line":1854,"column":44}},"616":{"start":{"line":1856,"column":8},"end":{"line":1856,"column":42}},"617":{"start":{"line":1857,"column":8},"end":{"line":1857,"column":57}},"618":{"start":{"line":1858,"column":8},"end":{"line":1858,"column":25}},"619":{"start":{"line":1863,"column":7},"end":{"line":1890,"column":8}},"620":{"start":{"line":1865,"column":8},"end":{"line":1889,"column":9}},"621":{"start":{"line":1868,"column":9},"end":{"line":1888,"column":10}},"622":{"start":{"line":1874,"column":10},"end":{"line":1883,"column":11}},"623":{"start":{"line":1875,"column":11},"end":{"line":1875,"column":66}},"624":{"start":{"line":1879,"column":11},"end":{"line":1880,"column":47}},"625":{"start":{"line":1882,"column":11},"end":{"line":1882,"column":51}},"626":{"start":{"line":1885,"column":10},"end":{"line":1887,"column":11}},"627":{"start":{"line":1886,"column":11},"end":{"line":1886,"column":17}},"628":{"start":{"line":1894,"column":6},"end":{"line":1894,"column":19}},"629":{"start":{"line":1895,"column":6},"end":{"line":1895,"column":75}},"630":{"start":{"line":1906,"column":9},"end":{"line":1907,"column":52}},"631":{"start":{"line":1912,"column":3},"end":{"line":1914,"column":4}},"632":{"start":{"line":1913,"column":4},"end":{"line":1913,"column":26}},"633":{"start":{"line":1917,"column":3},"end":{"line":1932,"column":4}},"634":{"start":{"line":1918,"column":4},"end":{"line":1918,"column":44}},"635":{"start":{"line":1919,"column":4},"end":{"line":1931,"column":7}},"636":{"start":{"line":1922,"column":17},"end":{"line":1922,"column":37}},"637":{"start":{"line":1923,"column":11},"end":{"line":1923,"column":25}},"638":{"start":{"line":1924,"column":6},"end":{"line":1927,"column":7}},"639":{"start":{"line":1925,"column":7},"end":{"line":1925,"column":41}},"640":{"start":{"line":1926,"column":7},"end":{"line":1926,"column":54}},"641":{"start":{"line":1930,"column":6},"end":{"line":1930,"column":33}},"642":{"start":{"line":1934,"column":3},"end":{"line":1934,"column":13}},"643":{"start":{"line":1944,"column":15},"end":{"line":1944,"column":17}},"644":{"start":{"line":1945,"column":14},"end":{"line":1945,"column":16}},"645":{"start":{"line":1946,"column":14},"end":{"line":1946,"column":56}},"646":{"start":{"line":1948,"column":3},"end":{"line":1967,"column":6}},"647":{"start":{"line":1951,"column":18},"end":{"line":1951,"column":48}},"648":{"start":{"line":1952,"column":10},"end":{"line":1952,"column":21}},"649":{"start":{"line":1955,"column":5},"end":{"line":1959,"column":6}},"650":{"start":{"line":1956,"column":6},"end":{"line":1958,"column":7}},"651":{"start":{"line":1957,"column":7},"end":{"line":1957,"column":38}},"652":{"start":{"line":1962,"column":5},"end":{"line":1962,"column":21}},"653":{"start":{"line":1963,"column":5},"end":{"line":1963,"column":42}},"654":{"start":{"line":1965,"column":5},"end":{"line":1965,"column":21}},"655":{"start":{"line":1966,"column":5},"end":{"line":1966,"column":27}},"656":{"start":{"line":1971,"column":3},"end":{"line":1973,"column":5}},"657":{"start":{"line":1972,"column":4},"end":{"line":1972,"column":47}},"658":{"start":{"line":1977,"column":3},"end":{"line":1977,"column":47}},"659":{"start":{"line":1978,"column":3},"end":{"line":1980,"column":5}},"660":{"start":{"line":1979,"column":4},"end":{"line":1979,"column":72}},"661":{"start":{"line":1992,"column":3},"end":{"line":1994,"column":4}},"662":{"start":{"line":1993,"column":4},"end":{"line":1993,"column":48}},"663":{"start":{"line":1995,"column":3},"end":{"line":1995,"column":61}},"664":{"start":{"line":1996,"column":3},"end":{"line":2008,"column":5}},"665":{"start":{"line":1998,"column":4},"end":{"line":2006,"column":64}},"666":{"start":{"line":1999,"column":5},"end":{"line":2005,"column":6}},"667":{"start":{"line":2003,"column":6},"end":{"line":2003,"column":40}},"668":{"start":{"line":2004,"column":6},"end":{"line":2004,"column":71}},"669":{"start":{"line":2007,"column":4},"end":{"line":2007,"column":17}},"670":{"start":{"line":2013,"column":14},"end":{"line":2013,"column":53}},"671":{"start":{"line":2014,"column":3},"end":{"line":2014,"column":46}},"672":{"start":{"line":2018,"column":3},"end":{"line":2018,"column":27}},"673":{"start":{"line":2022,"column":3},"end":{"line":2022,"column":137}},"674":{"start":{"line":2032,"column":18},"end":{"line":2032,"column":45}},"675":{"start":{"line":2033,"column":3},"end":{"line":2033,"column":97}},"676":{"start":{"line":2039,"column":3},"end":{"line":2041,"column":4}},"677":{"start":{"line":2040,"column":4},"end":{"line":2040,"column":34}},"678":{"start":{"line":2043,"column":3},"end":{"line":2043,"column":33}},"679":{"start":{"line":2052,"column":3},"end":{"line":2056,"column":4}},"680":{"start":{"line":2053,"column":4},"end":{"line":2055,"column":5}},"681":{"start":{"line":2054,"column":5},"end":{"line":2054,"column":18}},"682":{"start":{"line":2057,"column":3},"end":{"line":2057,"column":15}},"683":{"start":{"line":2061,"column":3},"end":{"line":2061,"column":41}},"684":{"start":{"line":2066,"column":3},"end":{"line":2066,"column":40}},"685":{"start":{"line":2070,"column":3},"end":{"line":2070,"column":40}},"686":{"start":{"line":2074,"column":14},"end":{"line":2074,"column":41}},"687":{"start":{"line":2075,"column":3},"end":{"line":2075,"column":74}},"688":{"start":{"line":2080,"column":3},"end":{"line":2085,"column":84}},"689":{"start":{"line":2090,"column":3},"end":{"line":2090,"column":16}},"690":{"start":{"line":2094,"column":3},"end":{"line":2094,"column":25}},"691":{"start":{"line":2098,"column":3},"end":{"line":2098,"column":58}},"692":{"start":{"line":2102,"column":11},"end":{"line":2102,"column":12}},"693":{"start":{"line":2103,"column":3},"end":{"line":2105,"column":4}},"694":{"start":{"line":2104,"column":4},"end":{"line":2104,"column":27}},"695":{"start":{"line":2106,"column":3},"end":{"line":2106,"column":23}},"696":{"start":{"line":2110,"column":11},"end":{"line":2110,"column":12}},"697":{"start":{"line":2111,"column":3},"end":{"line":2113,"column":4}},"698":{"start":{"line":2112,"column":4},"end":{"line":2112,"column":27}},"699":{"start":{"line":2114,"column":3},"end":{"line":2114,"column":23}},"700":{"start":{"line":2118,"column":11},"end":{"line":2122,"column":13}},"701":{"start":{"line":2123,"column":3},"end":{"line":2125,"column":4}},"702":{"start":{"line":2124,"column":4},"end":{"line":2124,"column":27}},"703":{"start":{"line":2126,"column":3},"end":{"line":2126,"column":23}},"704":{"start":{"line":2130,"column":11},"end":{"line":2130,"column":54}},"705":{"start":{"line":2131,"column":3},"end":{"line":2133,"column":4}},"706":{"start":{"line":2132,"column":4},"end":{"line":2132,"column":27}},"707":{"start":{"line":2134,"column":3},"end":{"line":2134,"column":23}},"708":{"start":{"line":2139,"column":0},"end":{"line":2139,"column":41}},"709":{"start":{"line":2142,"column":0},"end":{"line":2144,"column":1}},"710":{"start":{"line":2143,"column":1},"end":{"line":2143,"column":44}},"711":{"start":{"line":2145,"column":0},"end":{"line":2147,"column":1}},"712":{"start":{"line":2146,"column":1},"end":{"line":2146,"column":45}},"713":{"start":{"line":2151,"column":0},"end":{"line":2151,"column":51}},"714":{"start":{"line":2152,"column":0},"end":{"line":2152,"column":35}},"715":{"start":{"line":2154,"column":0},"end":{"line":2219,"column":2}},"716":{"start":{"line":2157,"column":11},"end":{"line":2157,"column":39}},"717":{"start":{"line":2159,"column":1},"end":{"line":2161,"column":2}},"718":{"start":{"line":2160,"column":2},"end":{"line":2160,"column":43}},"719":{"start":{"line":2163,"column":1},"end":{"line":2163,"column":18}},"720":{"start":{"line":2164,"column":1},"end":{"line":2164,"column":13}},"721":{"start":{"line":2165,"column":1},"end":{"line":2165,"column":29}},"722":{"start":{"line":2167,"column":1},"end":{"line":2208,"column":2}},"723":{"start":{"line":2170,"column":2},"end":{"line":2176,"column":3}},"724":{"start":{"line":2171,"column":3},"end":{"line":2174,"column":4}},"725":{"start":{"line":2173,"column":4},"end":{"line":2173,"column":52}},"726":{"start":{"line":2175,"column":3},"end":{"line":2175,"column":32}},"727":{"start":{"line":2178,"column":2},"end":{"line":2178,"column":18}},"728":{"start":{"line":2181,"column":2},"end":{"line":2189,"column":3}},"729":{"start":{"line":2182,"column":3},"end":{"line":2182,"column":27}},"730":{"start":{"line":2183,"column":3},"end":{"line":2187,"column":6}},"731":{"start":{"line":2188,"column":3},"end":{"line":2188,"column":41}},"732":{"start":{"line":2192,"column":2},"end":{"line":2203,"column":3}},"733":{"start":{"line":2193,"column":3},"end":{"line":2202,"column":4}},"734":{"start":{"line":2195,"column":4},"end":{"line":2195,"column":28}},"735":{"start":{"line":2196,"column":4},"end":{"line":2200,"column":7}},"736":{"start":{"line":2201,"column":4},"end":{"line":2201,"column":42}},"737":{"start":{"line":2205,"column":2},"end":{"line":2207,"column":3}},"738":{"start":{"line":2206,"column":3},"end":{"line":2206,"column":9}},"739":{"start":{"line":2213,"column":1},"end":{"line":2218,"column":45}},"740":{"start":{"line":2222,"column":9},"end":{"line":2222,"column":10}},"741":{"start":{"line":2223,"column":8},"end":{"line":2223,"column":21}},"742":{"start":{"line":2224,"column":13},"end":{"line":2224,"column":15}},"743":{"start":{"line":2225,"column":1},"end":{"line":2227,"column":2}},"744":{"start":{"line":2226,"column":2},"end":{"line":2226,"column":30}},"745":{"start":{"line":2228,"column":1},"end":{"line":2228,"column":17}},"746":{"start":{"line":2232,"column":11},"end":{"line":2232,"column":25}},"747":{"start":{"line":2233,"column":9},"end":{"line":2233,"column":24}},"748":{"start":{"line":2234,"column":8},"end":{"line":2234,"column":19}},"749":{"start":{"line":2235,"column":21},"end":{"line":2235,"column":49}},"750":{"start":{"line":2236,"column":13},"end":{"line":2236,"column":19}},"751":{"start":{"line":2238,"column":1},"end":{"line":2292,"column":4}},"752":{"start":{"line":2241,"column":3},"end":{"line":2245,"column":4}},"753":{"start":{"line":2242,"column":4},"end":{"line":2244,"column":5}},"754":{"start":{"line":2243,"column":5},"end":{"line":2243,"column":42}},"755":{"start":{"line":2246,"column":3},"end":{"line":2246,"column":16}},"756":{"start":{"line":2252,"column":15},"end":{"line":2252,"column":36}},"757":{"start":{"line":2255,"column":3},"end":{"line":2290,"column":4}},"758":{"start":{"line":2256,"column":4},"end":{"line":2262,"column":5}},"759":{"start":{"line":2257,"column":5},"end":{"line":2261,"column":6}},"760":{"start":{"line":2258,"column":6},"end":{"line":2260,"column":7}},"761":{"start":{"line":2259,"column":7},"end":{"line":2259,"column":19}},"762":{"start":{"line":2264,"column":4},"end":{"line":2289,"column":5}},"763":{"start":{"line":2265,"column":5},"end":{"line":2288,"column":6}},"764":{"start":{"line":2266,"column":6},"end":{"line":2266,"column":61}},"765":{"start":{"line":2270,"column":6},"end":{"line":2270,"column":86}},"766":{"start":{"line":2272,"column":6},"end":{"line":2287,"column":7}},"767":{"start":{"line":2273,"column":7},"end":{"line":2273,"column":34}},"768":{"start":{"line":2274,"column":13},"end":{"line":2287,"column":7}},"769":{"start":{"line":2278,"column":7},"end":{"line":2278,"column":46}},"770":{"start":{"line":2281,"column":7},"end":{"line":2281,"column":37}},"771":{"start":{"line":2284,"column":7},"end":{"line":2286,"column":8}},"772":{"start":{"line":2285,"column":8},"end":{"line":2285,"column":20}},"773":{"start":{"line":2291,"column":3},"end":{"line":2291,"column":16}},"774":{"start":{"line":2296,"column":1},"end":{"line":2306,"column":14}},"775":{"start":{"line":2298,"column":11},"end":{"line":2298,"column":26}},"776":{"start":{"line":2299,"column":3},"end":{"line":2303,"column":4}},"777":{"start":{"line":2300,"column":4},"end":{"line":2302,"column":5}},"778":{"start":{"line":2301,"column":5},"end":{"line":2301,"column":18}},"779":{"start":{"line":2304,"column":3},"end":{"line":2304,"column":15}},"780":{"start":{"line":2310,"column":9},"end":{"line":2310,"column":10}},"781":{"start":{"line":2311,"column":8},"end":{"line":2311,"column":23}},"782":{"start":{"line":2312,"column":1},"end":{"line":2314,"column":2}},"783":{"start":{"line":2313,"column":2},"end":{"line":2313,"column":43}},"784":{"start":{"line":2315,"column":1},"end":{"line":2315,"column":16}},"785":{"start":{"line":2320,"column":17},"end":{"line":2320,"column":19}},"786":{"start":{"line":2321,"column":6},"end":{"line":2321,"column":7}},"787":{"start":{"line":2322,"column":8},"end":{"line":2322,"column":24}},"788":{"start":{"line":2323,"column":11},"end":{"line":2323,"column":22}},"789":{"start":{"line":2325,"column":1},"end":{"line":2334,"column":2}},"790":{"start":{"line":2326,"column":2},"end":{"line":2333,"column":3}},"791":{"start":{"line":2327,"column":3},"end":{"line":2332,"column":4}},"792":{"start":{"line":2328,"column":4},"end":{"line":2328,"column":30}},"793":{"start":{"line":2329,"column":4},"end":{"line":2331,"column":5}},"794":{"start":{"line":2330,"column":5},"end":{"line":2330,"column":19}},"795":{"start":{"line":2336,"column":1},"end":{"line":2336,"column":21}},"796":{"start":{"line":2340,"column":1},"end":{"line":2342,"column":2}},"797":{"start":{"line":2341,"column":2},"end":{"line":2341,"column":40}},"798":{"start":{"line":2343,"column":1},"end":{"line":2345,"column":2}},"799":{"start":{"line":2344,"column":2},"end":{"line":2344,"column":54}},"800":{"start":{"line":2346,"column":1},"end":{"line":2429,"column":4}},"801":{"start":{"line":2348,"column":12},"end":{"line":2348,"column":14}},"802":{"start":{"line":2349,"column":13},"end":{"line":2349,"column":15}},"803":{"start":{"line":2350,"column":17},"end":{"line":2350,"column":31}},"804":{"start":{"line":2353,"column":11},"end":{"line":2353,"column":100}},"805":{"start":{"line":2356,"column":15},"end":{"line":2358,"column":9}},"806":{"start":{"line":2360,"column":16},"end":{"line":2369,"column":13}},"807":{"start":{"line":2372,"column":2},"end":{"line":2374,"column":3}},"808":{"start":{"line":2373,"column":3},"end":{"line":2373,"column":50}},"809":{"start":{"line":2377,"column":2},"end":{"line":2388,"column":3}},"810":{"start":{"line":2378,"column":3},"end":{"line":2378,"column":42}},"811":{"start":{"line":2379,"column":3},"end":{"line":2379,"column":40}},"812":{"start":{"line":2382,"column":3},"end":{"line":2382,"column":19}},"813":{"start":{"line":2383,"column":3},"end":{"line":2387,"column":4}},"814":{"start":{"line":2384,"column":4},"end":{"line":2386,"column":5}},"815":{"start":{"line":2385,"column":5},"end":{"line":2385,"column":66}},"816":{"start":{"line":2390,"column":2},"end":{"line":2428,"column":3}},"817":{"start":{"line":2391,"column":3},"end":{"line":2414,"column":4}},"818":{"start":{"line":2392,"column":4},"end":{"line":2403,"column":5}},"819":{"start":{"line":2394,"column":5},"end":{"line":2394,"column":15}},"820":{"start":{"line":2395,"column":5},"end":{"line":2395,"column":27}},"821":{"start":{"line":2396,"column":5},"end":{"line":2401,"column":6}},"822":{"start":{"line":2397,"column":6},"end":{"line":2400,"column":7}},"823":{"start":{"line":2399,"column":7},"end":{"line":2399,"column":42}},"824":{"start":{"line":2402,"column":5},"end":{"line":2402,"column":54}},"825":{"start":{"line":2406,"column":4},"end":{"line":2406,"column":26}},"826":{"start":{"line":2407,"column":4},"end":{"line":2413,"column":5}},"827":{"start":{"line":2408,"column":5},"end":{"line":2412,"column":6}},"828":{"start":{"line":2411,"column":6},"end":{"line":2411,"column":43}},"829":{"start":{"line":2418,"column":3},"end":{"line":2422,"column":5}},"830":{"start":{"line":2423,"column":3},"end":{"line":2427,"column":4}},"831":{"start":{"line":2424,"column":4},"end":{"line":2424,"column":49}},"832":{"start":{"line":2426,"column":4},"end":{"line":2426,"column":38}},"833":{"start":{"line":2434,"column":8},"end":{"line":2434,"column":21}},"834":{"start":{"line":2435,"column":20},"end":{"line":2435,"column":51}},"835":{"start":{"line":2436,"column":21},"end":{"line":2436,"column":58}},"836":{"start":{"line":2437,"column":6},"end":{"line":2437,"column":29}},"837":{"start":{"line":2440,"column":17},"end":{"line":2442,"column":29}},"838":{"start":{"line":2441,"column":3},"end":{"line":2441,"column":32}},"839":{"start":{"line":2443,"column":20},"end":{"line":2445,"column":29}},"840":{"start":{"line":2444,"column":3},"end":{"line":2444,"column":45}},"841":{"start":{"line":2446,"column":13},"end":{"line":2454,"column":5}},"842":{"start":{"line":2447,"column":13},"end":{"line":2450,"column":44}},"843":{"start":{"line":2452,"column":3},"end":{"line":2452,"column":23}},"844":{"start":{"line":2453,"column":3},"end":{"line":2453,"column":14}},"845":{"start":{"line":2456,"column":1},"end":{"line":2485,"column":2}},"846":{"start":{"line":2457,"column":2},"end":{"line":2484,"column":3}},"847":{"start":{"line":2458,"column":3},"end":{"line":2458,"column":69}},"848":{"start":{"line":2460,"column":3},"end":{"line":2460,"column":76}},"849":{"start":{"line":2463,"column":3},"end":{"line":2482,"column":4}},"850":{"start":{"line":2465,"column":4},"end":{"line":2465,"column":12}},"851":{"start":{"line":2466,"column":4},"end":{"line":2470,"column":5}},"852":{"start":{"line":2467,"column":5},"end":{"line":2469,"column":6}},"853":{"start":{"line":2468,"column":6},"end":{"line":2468,"column":12}},"854":{"start":{"line":2471,"column":4},"end":{"line":2481,"column":6}},"855":{"start":{"line":2483,"column":3},"end":{"line":2483,"column":28}},"856":{"start":{"line":2487,"column":1},"end":{"line":2487,"column":35}},"857":{"start":{"line":2491,"column":13},"end":{"line":2491,"column":35}},"858":{"start":{"line":2492,"column":14},"end":{"line":2492,"column":40}},"859":{"start":{"line":2493,"column":17},"end":{"line":2594,"column":3}},"860":{"start":{"line":2495,"column":19},"end":{"line":2495,"column":20}},"861":{"start":{"line":2496,"column":8},"end":{"line":2496,"column":11}},"862":{"start":{"line":2497,"column":16},"end":{"line":2497,"column":26}},"863":{"start":{"line":2498,"column":17},"end":{"line":2498,"column":19}},"864":{"start":{"line":2499,"column":20},"end":{"line":2499,"column":36}},"865":{"start":{"line":2501,"column":12},"end":{"line":2501,"column":67}},"866":{"start":{"line":2503,"column":21},"end":{"line":2503,"column":80}},"867":{"start":{"line":2504,"column":10},"end":{"line":2504,"column":22}},"868":{"start":{"line":2506,"column":3},"end":{"line":2508,"column":4}},"869":{"start":{"line":2507,"column":4},"end":{"line":2507,"column":68}},"870":{"start":{"line":2513,"column":3},"end":{"line":2543,"column":4}},"871":{"start":{"line":2514,"column":4},"end":{"line":2529,"column":5}},"872":{"start":{"line":2515,"column":5},"end":{"line":2515,"column":11}},"873":{"start":{"line":2516,"column":5},"end":{"line":2519,"column":6}},"874":{"start":{"line":2517,"column":6},"end":{"line":2517,"column":26}},"875":{"start":{"line":2518,"column":6},"end":{"line":2518,"column":28}},"876":{"start":{"line":2520,"column":5},"end":{"line":2525,"column":6}},"877":{"start":{"line":2521,"column":6},"end":{"line":2524,"column":7}},"878":{"start":{"line":2522,"column":7},"end":{"line":2522,"column":28}},"879":{"start":{"line":2523,"column":7},"end":{"line":2523,"column":13}},"880":{"start":{"line":2526,"column":5},"end":{"line":2528,"column":6}},"881":{"start":{"line":2527,"column":6},"end":{"line":2527,"column":30}},"882":{"start":{"line":2532,"column":4},"end":{"line":2542,"column":5}},"883":{"start":{"line":2534,"column":5},"end":{"line":2536,"column":6}},"884":{"start":{"line":2535,"column":6},"end":{"line":2535,"column":21}},"885":{"start":{"line":2539,"column":5},"end":{"line":2541,"column":6}},"886":{"start":{"line":2540,"column":6},"end":{"line":2540,"column":29}},"887":{"start":{"line":2547,"column":3},"end":{"line":2547,"column":21}},"888":{"start":{"line":2556,"column":3},"end":{"line":2585,"column":4}},"889":{"start":{"line":2557,"column":4},"end":{"line":2557,"column":10}},"890":{"start":{"line":2558,"column":4},"end":{"line":2560,"column":5}},"891":{"start":{"line":2559,"column":5},"end":{"line":2559,"column":52}},"892":{"start":{"line":2562,"column":4},"end":{"line":2574,"column":5}},"893":{"start":{"line":2564,"column":5},"end":{"line":2570,"column":6}},"894":{"start":{"line":2565,"column":6},"end":{"line":2569,"column":7}},"895":{"start":{"line":2566,"column":7},"end":{"line":2568,"column":8}},"896":{"start":{"line":2567,"column":8},"end":{"line":2567,"column":44}},"897":{"start":{"line":2573,"column":5},"end":{"line":2573,"column":41}},"898":{"start":{"line":2577,"column":4},"end":{"line":2577,"column":38}},"899":{"start":{"line":2580,"column":4},"end":{"line":2584,"column":5}},"900":{"start":{"line":2583,"column":5},"end":{"line":2583,"column":34}},"901":{"start":{"line":2588,"column":3},"end":{"line":2591,"column":4}},"902":{"start":{"line":2589,"column":4},"end":{"line":2589,"column":28}},"903":{"start":{"line":2590,"column":4},"end":{"line":2590,"column":37}},"904":{"start":{"line":2593,"column":3},"end":{"line":2593,"column":20}},"905":{"start":{"line":2596,"column":1},"end":{"line":2598,"column":15}},"906":{"start":{"line":2601,"column":0},"end":{"line":2629,"column":2}},"907":{"start":{"line":2603,"column":16},"end":{"line":2603,"column":18}},"908":{"start":{"line":2604,"column":20},"end":{"line":2604,"column":22}},"909":{"start":{"line":2605,"column":11},"end":{"line":2605,"column":42}},"910":{"start":{"line":2607,"column":1},"end":{"line":2627,"column":2}},"911":{"start":{"line":2609,"column":2},"end":{"line":2611,"column":3}},"912":{"start":{"line":2610,"column":3},"end":{"line":2610,"column":32}},"913":{"start":{"line":2612,"column":2},"end":{"line":2612,"column":19}},"914":{"start":{"line":2613,"column":2},"end":{"line":2620,"column":3}},"915":{"start":{"line":2614,"column":3},"end":{"line":2614,"column":42}},"916":{"start":{"line":2615,"column":3},"end":{"line":2619,"column":4}},"917":{"start":{"line":2616,"column":4},"end":{"line":2616,"column":31}},"918":{"start":{"line":2618,"column":4},"end":{"line":2618,"column":35}},"919":{"start":{"line":2623,"column":2},"end":{"line":2623,"column":95}},"920":{"start":{"line":2626,"column":2},"end":{"line":2626,"column":29}},"921":{"start":{"line":2628,"column":1},"end":{"line":2628,"column":15}},"922":{"start":{"line":2640,"column":0},"end":{"line":2708,"column":2}},"923":{"start":{"line":2642,"column":13},"end":{"line":2642,"column":55}},"924":{"start":{"line":2643,"column":10},"end":{"line":2643,"column":73}},"925":{"start":{"line":2645,"column":1},"end":{"line":2645,"column":25}},"926":{"start":{"line":2649,"column":1},"end":{"line":2696,"column":2}},"927":{"start":{"line":2652,"column":2},"end":{"line":2652,"column":42}},"928":{"start":{"line":2653,"column":2},"end":{"line":2666,"column":3}},"929":{"start":{"line":2656,"column":3},"end":{"line":2656,"column":101}},"930":{"start":{"line":2657,"column":3},"end":{"line":2663,"column":4}},"931":{"start":{"line":2658,"column":4},"end":{"line":2658,"column":19}},"932":{"start":{"line":2661,"column":10},"end":{"line":2663,"column":4}},"933":{"start":{"line":2662,"column":4},"end":{"line":2662,"column":33}},"934":{"start":{"line":2665,"column":3},"end":{"line":2665,"column":60}},"935":{"start":{"line":2669,"column":2},"end":{"line":2669,"column":69}},"936":{"start":{"line":2670,"column":2},"end":{"line":2695,"column":3}},"937":{"start":{"line":2671,"column":3},"end":{"line":2671,"column":21}},"938":{"start":{"line":2674,"column":3},"end":{"line":2676,"column":4}},"939":{"start":{"line":2675,"column":4},"end":{"line":2675,"column":10}},"940":{"start":{"line":2677,"column":3},"end":{"line":2694,"column":4}},"941":{"start":{"line":2679,"column":4},"end":{"line":2693,"column":5}},"942":{"start":{"line":2685,"column":5},"end":{"line":2685,"column":27}},"943":{"start":{"line":2686,"column":5},"end":{"line":2686,"column":52}},"944":{"start":{"line":2687,"column":5},"end":{"line":2690,"column":6}},"945":{"start":{"line":2688,"column":6},"end":{"line":2688,"column":34}},"946":{"start":{"line":2689,"column":6},"end":{"line":2689,"column":21}},"947":{"start":{"line":2692,"column":5},"end":{"line":2692,"column":11}},"948":{"start":{"line":2700,"column":1},"end":{"line":2706,"column":3}},"949":{"start":{"line":2707,"column":1},"end":{"line":2707,"column":16}},"950":{"start":{"line":2713,"column":0},"end":{"line":2713,"column":78}},"951":{"start":{"line":2717,"column":0},"end":{"line":2717,"column":42}},"952":{"start":{"line":2720,"column":0},"end":{"line":2720,"column":14}},"953":{"start":{"line":2724,"column":0},"end":{"line":2727,"column":3}},"954":{"start":{"line":2726,"column":1},"end":{"line":2726,"column":77}},"955":{"start":{"line":2732,"column":0},"end":{"line":2741,"column":1}},"956":{"start":{"line":2733,"column":1},"end":{"line":2733,"column":35}},"957":{"start":{"line":2734,"column":1},"end":{"line":2734,"column":52}},"958":{"start":{"line":2736,"column":1},"end":{"line":2740,"column":4}},"959":{"start":{"line":2737,"column":2},"end":{"line":2739,"column":3}},"960":{"start":{"line":2738,"column":3},"end":{"line":2738,"column":75}},"961":{"start":{"line":2745,"column":0},"end":{"line":2755,"column":1}},"962":{"start":{"line":2746,"column":1},"end":{"line":2746,"column":27}},"963":{"start":{"line":2747,"column":1},"end":{"line":2747,"column":43}},"964":{"start":{"line":2748,"column":1},"end":{"line":2748,"column":53}},"965":{"start":{"line":2750,"column":1},"end":{"line":2754,"column":4}},"966":{"start":{"line":2751,"column":2},"end":{"line":2753,"column":3}},"967":{"start":{"line":2752,"column":3},"end":{"line":2752,"column":28}},"968":{"start":{"line":2759,"column":0},"end":{"line":2771,"column":1}},"969":{"start":{"line":2760,"column":1},"end":{"line":2760,"column":44}},"970":{"start":{"line":2762,"column":1},"end":{"line":2770,"column":4}},"971":{"start":{"line":2764,"column":2},"end":{"line":2769,"column":3}},"972":{"start":{"line":2765,"column":3},"end":{"line":2768,"column":9}},"973":{"start":{"line":2773,"column":0},"end":{"line":2773,"column":14}},"974":{"start":{"line":2779,"column":0},"end":{"line":2779,"column":21}},"975":{"start":{"line":2780,"column":0},"end":{"line":2780,"column":31}},"976":{"start":{"line":2783,"column":0},"end":{"line":2783,"column":41}},"977":{"start":{"line":2784,"column":0},"end":{"line":2784,"column":54}},"978":{"start":{"line":2785,"column":0},"end":{"line":2785,"column":29}},"979":{"start":{"line":2786,"column":0},"end":{"line":2786,"column":31}},"980":{"start":{"line":2787,"column":0},"end":{"line":2787,"column":34}},"981":{"start":{"line":2788,"column":0},"end":{"line":2788,"column":38}},"982":{"start":{"line":2793,"column":10},"end":{"line":2806,"column":1}},"983":{"start":{"line":2794,"column":15},"end":{"line":2794,"column":17}},"984":{"start":{"line":2795,"column":13},"end":{"line":2795,"column":32}},"985":{"start":{"line":2797,"column":1},"end":{"line":2804,"column":2}},"986":{"start":{"line":2798,"column":2},"end":{"line":2803,"column":3}},"987":{"start":{"line":2799,"column":3},"end":{"line":2801,"column":4}},"988":{"start":{"line":2800,"column":4},"end":{"line":2800,"column":10}},"989":{"start":{"line":2802,"column":3},"end":{"line":2802,"column":24}},"990":{"start":{"line":2805,"column":1},"end":{"line":2805,"column":16}},"991":{"start":{"line":2809,"column":15},"end":{"line":2819,"column":1}},"992":{"start":{"line":2810,"column":15},"end":{"line":2810,"column":17}},"993":{"start":{"line":2812,"column":1},"end":{"line":2816,"column":2}},"994":{"start":{"line":2813,"column":2},"end":{"line":2815,"column":3}},"995":{"start":{"line":2814,"column":3},"end":{"line":2814,"column":21}},"996":{"start":{"line":2818,"column":1},"end":{"line":2818,"column":16}},"997":{"start":{"line":2822,"column":20},"end":{"line":2822,"column":50}},"998":{"start":{"line":2828,"column":2},"end":{"line":2828,"column":77}},"999":{"start":{"line":2831,"column":19},"end":{"line":2831,"column":84}},"1000":{"start":{"line":2837,"column":1},"end":{"line":2841,"column":2}},"1001":{"start":{"line":2838,"column":2},"end":{"line":2840,"column":6}},"1002":{"start":{"line":2839,"column":3},"end":{"line":2839,"column":52}},"1003":{"start":{"line":2844,"column":1},"end":{"line":2848,"column":2}},"1004":{"start":{"line":2845,"column":2},"end":{"line":2847,"column":6}},"1005":{"start":{"line":2846,"column":3},"end":{"line":2846,"column":41}},"1006":{"start":{"line":2851,"column":1},"end":{"line":2855,"column":2}},"1007":{"start":{"line":2852,"column":2},"end":{"line":2854,"column":6}},"1008":{"start":{"line":2853,"column":3},"end":{"line":2853,"column":59}},"1009":{"start":{"line":2858,"column":1},"end":{"line":2858,"column":50}},"1010":{"start":{"line":2861,"column":0},"end":{"line":2875,"column":2}},"1011":{"start":{"line":2862,"column":12},"end":{"line":2862,"column":22}},"1012":{"start":{"line":2864,"column":1},"end":{"line":2866,"column":2}},"1013":{"start":{"line":2865,"column":2},"end":{"line":2865,"column":30}},"1014":{"start":{"line":2868,"column":1},"end":{"line":2870,"column":2}},"1015":{"start":{"line":2869,"column":2},"end":{"line":2869,"column":67}},"1016":{"start":{"line":2872,"column":1},"end":{"line":2874,"column":7}},"1017":{"start":{"line":2873,"column":2},"end":{"line":2873,"column":29}},"1018":{"start":{"line":2877,"column":0},"end":{"line":2919,"column":4}},"1019":{"start":{"line":2880,"column":9},"end":{"line":2880,"column":20}},"1020":{"start":{"line":2881,"column":10},"end":{"line":2881,"column":14}},"1021":{"start":{"line":2883,"column":2},"end":{"line":2891,"column":3}},"1022":{"start":{"line":2884,"column":3},"end":{"line":2890,"column":9}},"1023":{"start":{"line":2885,"column":4},"end":{"line":2889,"column":5}},"1024":{"start":{"line":2886,"column":5},"end":{"line":2888,"column":6}},"1025":{"start":{"line":2887,"column":6},"end":{"line":2887,"column":18}},"1026":{"start":{"line":2893,"column":2},"end":{"line":2893,"column":29}},"1027":{"start":{"line":2895,"column":2},"end":{"line":2897,"column":3}},"1028":{"start":{"line":2896,"column":3},"end":{"line":2896,"column":43}},"1029":{"start":{"line":2899,"column":2},"end":{"line":2899,"column":50}},"1030":{"start":{"line":2902,"column":2},"end":{"line":2902,"column":65}},"1031":{"start":{"line":2905,"column":2},"end":{"line":2905,"column":64}},"1032":{"start":{"line":2908,"column":2},"end":{"line":2917,"column":11}},"1033":{"start":{"line":2932,"column":14},"end":{"line":2932,"column":51}},"1034":{"start":{"line":2934,"column":8},"end":{"line":3031,"column":2}},"1035":{"start":{"line":2938,"column":2},"end":{"line":2940,"column":3}},"1036":{"start":{"line":2939,"column":3},"end":{"line":2939,"column":15}},"1037":{"start":{"line":2944,"column":2},"end":{"line":2944,"column":28}},"1038":{"start":{"line":2947,"column":2},"end":{"line":3028,"column":3}},"1039":{"start":{"line":2948,"column":3},"end":{"line":2957,"column":4}},"1040":{"start":{"line":2953,"column":4},"end":{"line":2953,"column":37}},"1041":{"start":{"line":2956,"column":4},"end":{"line":2956,"column":40}},"1042":{"start":{"line":2960,"column":3},"end":{"line":3012,"column":4}},"1043":{"start":{"line":2963,"column":4},"end":{"line":3002,"column":5}},"1044":{"start":{"line":2964,"column":5},"end":{"line":2964,"column":66}},"1045":{"start":{"line":2968,"column":5},"end":{"line":2972,"column":9}},"1046":{"start":{"line":2975,"column":5},"end":{"line":2987,"column":6}},"1047":{"start":{"line":2976,"column":6},"end":{"line":2986,"column":7}},"1048":{"start":{"line":2979,"column":7},"end":{"line":2985,"column":8}},"1049":{"start":{"line":2980,"column":8},"end":{"line":2980,"column":42}},"1050":{"start":{"line":2984,"column":8},"end":{"line":2984,"column":45}},"1051":{"start":{"line":2989,"column":5},"end":{"line":2989,"column":17}},"1052":{"start":{"line":2993,"column":5},"end":{"line":2993,"column":50}},"1053":{"start":{"line":2995,"column":5},"end":{"line":3000,"column":6}},"1054":{"start":{"line":2998,"column":6},"end":{"line":2998,"column":23}},"1055":{"start":{"line":2999,"column":6},"end":{"line":2999,"column":22}},"1056":{"start":{"line":3001,"column":5},"end":{"line":3001,"column":17}},"1057":{"start":{"line":3005,"column":10},"end":{"line":3012,"column":4}},"1058":{"start":{"line":3006,"column":4},"end":{"line":3006,"column":48}},"1059":{"start":{"line":3011,"column":4},"end":{"line":3011,"column":56}},"1060":{"start":{"line":3015,"column":9},"end":{"line":3028,"column":3}},"1061":{"start":{"line":3016,"column":3},"end":{"line":3016,"column":24}},"1062":{"start":{"line":3017,"column":3},"end":{"line":3017,"column":19}},"1063":{"start":{"line":3018,"column":3},"end":{"line":3018,"column":15}},"1064":{"start":{"line":3022,"column":9},"end":{"line":3028,"column":3}},"1065":{"start":{"line":3023,"column":3},"end":{"line":3027,"column":23}},"1066":{"start":{"line":3030,"column":2},"end":{"line":3030,"column":44}},"1067":{"start":{"line":3034,"column":0},"end":{"line":3034,"column":27}},"1068":{"start":{"line":3037,"column":0},"end":{"line":3037,"column":32}},"1069":{"start":{"line":3040,"column":19},"end":{"line":3040,"column":51}},"1070":{"start":{"line":3043,"column":20},"end":{"line":3048,"column":2}},"1071":{"start":{"line":3050,"column":0},"end":{"line":3129,"column":4}},"1072":{"start":{"line":3052,"column":16},"end":{"line":3052,"column":38}},"1073":{"start":{"line":3053,"column":7},"end":{"line":3053,"column":21}},"1074":{"start":{"line":3055,"column":2},"end":{"line":3062,"column":6}},"1075":{"start":{"line":3056,"column":11},"end":{"line":3056,"column":12}},"1076":{"start":{"line":3057,"column":3},"end":{"line":3061,"column":4}},"1077":{"start":{"line":3058,"column":4},"end":{"line":3060,"column":5}},"1078":{"start":{"line":3059,"column":5},"end":{"line":3059,"column":17}},"1079":{"start":{"line":3067,"column":7},"end":{"line":3067,"column":8}},"1080":{"start":{"line":3068,"column":7},"end":{"line":3068,"column":18}},"1081":{"start":{"line":3069,"column":13},"end":{"line":3069,"column":15}},"1082":{"start":{"line":3070,"column":13},"end":{"line":3070,"column":65}},"1083":{"start":{"line":3073,"column":2},"end":{"line":3090,"column":3}},"1084":{"start":{"line":3074,"column":3},"end":{"line":3089,"column":4}},"1085":{"start":{"line":3075,"column":4},"end":{"line":3088,"column":5}},"1086":{"start":{"line":3078,"column":5},"end":{"line":3087,"column":6}},"1087":{"start":{"line":3085,"column":6},"end":{"line":3085,"column":26}},"1088":{"start":{"line":3086,"column":6},"end":{"line":3086,"column":12}},"1089":{"start":{"line":3092,"column":2},"end":{"line":3092,"column":87}},"1090":{"start":{"line":3099,"column":2},"end":{"line":3101,"column":3}},"1091":{"start":{"line":3100,"column":3},"end":{"line":3100,"column":85}},"1092":{"start":{"line":3104,"column":2},"end":{"line":3106,"column":3}},"1093":{"start":{"line":3105,"column":3},"end":{"line":3105,"column":52}},"1094":{"start":{"line":3109,"column":2},"end":{"line":3113,"column":4}},"1095":{"start":{"line":3117,"column":2},"end":{"line":3121,"column":4}},"1096":{"start":{"line":3125,"column":2},"end":{"line":3127,"column":4}},"1097":{"start":{"line":3132,"column":1},"end":{"line":3132,"column":56}},"1098":{"start":{"line":3133,"column":1},"end":{"line":3133,"column":12}},"1099":{"start":{"line":3136,"column":0},"end":{"line":3212,"column":4}},"1100":{"start":{"line":3138,"column":15},"end":{"line":3138,"column":30}},"1101":{"start":{"line":3139,"column":2},"end":{"line":3139,"column":58}},"1102":{"start":{"line":3142,"column":2},"end":{"line":3142,"column":35}},"1103":{"start":{"line":3145,"column":2},"end":{"line":3145,"column":42}},"1104":{"start":{"line":3148,"column":2},"end":{"line":3148,"column":40}},"1105":{"start":{"lin
[...]
0,0],"544":[0,0],"545":[0,0],"546":[0,0],"547":[0,0,0],"548":[0,0],"549":[0,0],"550":[0,0],"551":[0,0],"552":[0,0],"553":[0,0],"554":[0,0],"555":[0,0],"556":[0,0],"557":[0,0],"558":[0,0],"559":[0,0],"560":[0,0],"561":[0,0],"562":[0,0],"563":[0,0],"564":[0,0],"565":[0,0],"566":[0,0],"567":[0,0],"568":[0,0],"569":[0,0],"570":[0,0,0,0],"571":[0,0],"572":[0,0],"573":[0,0],"574":[0,0],"575":[0,0],"576":[0,0],"577":[0,0],"578":[0,0],"579":[0,0],"580":[0,0],"581":[0,0],"582":[0,0],"583":[0,0],"584":[0,0],"585":[0,0],"586":[0,0],"587":[0,0],"588":[0,0],"589":[0,0],"590":[0,0],"591":[0,0],"592":[0,0],"593":[0,0],"594":[0,0],"595":[0,0,0,0],"596":[0,0],"597":[0,0],"598":[0,0],"599":[0,0],"600":[0,0],"601":[0,0,0],"602":[0,0],"603":[0,0],"604":[0,0],"605":[0,0],"606":[0,0],"607":[0,0],"608":[0,0],"609":[0,0],"610":[0,0],"611":[0,0],"612":[0,0,0],"613":[0,0],"614":[0,0],"615":[0,0],"616":[0,0],"617":[0,0],"618":[0,0],"619":[0,0],"620":[0,0,0,0],"621":[0,0],"622":[0,0],"623":[0,0],"624":[0,0],"625":[0,0],"626":[0,0],"627":[0,0],"628":[0,0],"629":[0,0],"630":[0,0],"631":[0,0],"632":[0,0],"633":[0,0],"634":[0,0],"635":[0,0],"636":[0,0],"637":[0,0],"638":[0,0],"639":[0,0],"640":[0,0],"641":[0,0],"642":[0,0],"643":[0,0],"644":[0,0],"645":[0,0],"646":[0,0],"647":[0,0],"648":[0,0],"649":[0,0],"650":[0,0],"651":[0,0],"652":[0,0],"653":[0,0],"654":[0,0],"655":[0,0],"656":[0,0],"657":[0,0],"658":[0,0],"659":[0,0],"660":[0,0],"661":[0,0],"662":[0,0],"663":[0,0],"664":[0,0],"665":[0,0],"666":[0,0],"667":[0,0],"668":[0,0],"669":[0,0],"670":[0,0],"671":[0,0],"672":[0,0],"673":[0,0],"674":[0,0],"675":[0,0],"676":[0,0],"677":[0,0],"678":[0,0],"679":[0,0,0,0],"680":[0,0],"681":[0,0],"682":[0,0,0],"683":[0,0],"684":[0,0,0,0,0],"685":[0,0],"686":[0,0],"687":[0,0],"688":[0,0],"689":[0,0],"690":[0,0],"691":[0,0],"692":[0,0],"693":[0,0,0],"694":[0,0],"695":[0,0],"696":[0,0],"697":[0,0],"698":[0,0],"699":[0,0],"700":[0,0],"701":[0,0],"702":[0,0],"703":[0,0],"704":[0,0],"705":[0,0],"706":[0,0],"707":[0,0],"708":[0,0],"709":[0,0],"710":[0,0],"711":[0,0],"712":[0,0],"713":[0,0],"714":[0,0],"715":[0,0,0],"716":[0,0],"717":[0,0],"718":[0,0],"719":[0,0],"720":[0,0],"721":[0,0],"722":[0,0],"723":[0,0],"724":[0,0],"725":[0,0],"726":[0,0],"727":[0,0],"728":[0,0],"729":[0,0],"730":[0,0],"731":[0,0],"732":[0,0],"733":[0,0],"734":[0,0],"735":[0,0],"736":[0,0],"737":[0,0],"738":[0,0],"739":[0,0],"740":[0,0],"741":[0,0],"742":[0,0],"743":[0,0],"744":[0,0],"745":[0,0],"746":[0,0],"747":[0,0],"748":[0,0],"749":[0,0],"750":[0,0],"751":[0,0],"752":[0,0],"753":[0,0],"754":[0,0],"755":[0,0],"756":[0,0],"757":[0,0],"758":[0,0],"759":[0,0],"760":[0,0],"761":[0,0],"762":[0,0],"763":[0,0],"764":[0,0],"765":[0,0],"766":[0,0],"767":[0,0],"768":[0,0],"769":[0,0],"770":[0,0],"771":[0,0],"772":[0,0],"773":[0,0],"774":[0,0],"775":[0,0],"776":[0,0],"777":[0,0],"778":[0,0],"779":[0,0],"780":[0,0],"781":[0,0],"782":[0,0,0,0,0,0,0,0,0,0],"783":[0,0],"784":[0,0],"785":[0,0],"786":[0,0],"787":[0,0],"788":[0,0],"789":[0,0],"790":[0,0],"791":[0,0],"792":[0,0],"793":[0,0],"794":[0,0],"795":[0,0],"796":[0,0],"797":[0,0],"798":[0,0,0],"799":[0,0],"800":[0,0],"801":[0,0],"802":[0,0],"803":[0,0],"804":[0,0],"805":[0,0,0],"806":[0,0],"807":[0,0],"808":[0,0],"809":[0,0],"810":[0,0],"811":[0,0],"812":[0,0],"813":[0,0],"814":[0,0],"815":[0,0],"816":[0,0],"817":[0,0],"818":[0,0],"819":[0,0],"820":[0,0],"821":[0,0],"822":[0,0,0],"823":[0,0],"824":[0,0],"825":[0,0,0],"826":[0,0,0,0,0],"827":[0,0],"828":[0,0],"829":[0,0],"830":[0,0],"831":[0,0],"832":[0,0],"833":[0,0],"834":[0,0],"835":[0,0],"836":[0,0],"837":[0,0],"838":[0,0],"839":[0,0],"840":[0,0],"841":[0,0],"842":[0,0],"843":[0,0],"844":[0,0],"845":[0,0,0],"846":[0,0],"847":[0,0],"848":[0,0],"849":[0,0,0],"850":[0,0],"851":[0,0],"852":[0,0],"853":[0,0],"854":[0,0],"855":[0,0],"856":[0,0],"857":[0,0],"858":[0,0],"859":[0,0],"860":[0,0,0],"861":[0,0],"862":[0,0],"863":[0,0],"864":[0,0],"865":[0,0,0],"866":[0,0],"867":[0,0,0],"868":[0,0],"869":[0,0],"870":[0,0],"871":[0,0],"872":[0,0],"873":[0,0],"874":[0,0],"875":[0,0],"876":[0,0],"877":[0,0],"878":[0,0],"879":[0,0],"880":[0,0],"881":[0,0],"882":[0,0],"883":[0,0],"884":[0,0],"885":[0,0],"886":[0,0],"887":[0,0],"888":[0,0,0,0,0],"889":[0,0],"890":[0,0],"891":[0,0],"892":[0,0],"893":[0,0],"894":[0,0],"895":[0,0],"896":[0,0],"897":[0,0],"898":[0,0,0],"899":[0,0],"900":[0,0],"901":[0,0],"902":[0,0],"903":[0,0],"904":[0,0],"905":[0,0],"906":[0,0],"907":[0,0],"908":[0,0],"909":[0,0],"910":[0,0],"911":[0,0],"912":[0,0],"913":[0,0,0,0],"914":[0,0],"915":[0,0],"916":[0,0],"917":[0,0],"918":[0,0],"919":[0,0],"920":[0,0],"921":[0,0],"922":[0,0],"923":[0,0],"924":[0,0],"925":[0,0],"926":[0,0],"927":[0,0,0],"928":[0,0],"929":[0,0,0],"930":[0,0],"931":[0,0,0],"932":[0,0],"933":[0,0],"934":[0,0],"935":[0,0],"936":[0,0],"937":[0,0],"938":[0,0],"939":[0,0],"940":[0,0],"941":[0,0,0],"942":[0,0],"943":[0,0],"944":[0,0],"945":[0,0],"946":[0,0],"947":[0,0],"948":[0,0],"949":[0,0],"950":[0,0],"951":[0,0],"952":[0,0],"953":[0,0],"954":[0,0],"955":[0,0],"956":[0,0],"957":[0,0],"958":[0,0],"959":[0,0,0],"960":[0,0],"961":[0,0],"962":[0,0],"963":[0,0],"964":[0,0],"965":[0,0],"966":[0,0],"967":[0,0],"968":[0,0],"969":[0,0],"970":[0,0],"971":[0,0],"972":[0,0],"973":[0,0],"974":[0,0],"975":[0,0],"976":[0,0],"977":[0,0],"978":[0,0],"979":[0,0],"980":[0,0],"981":[0,0],"982":[0,0],"983":[0,0],"984":[0,0],"985":[0,0],"986":[0,0,0,0,0,0],"987":[0,0],"988":[0,0],"989":[0,0],"990":[0,0],"991":[0,0],"992":[0,0],"993":[0,0],"994":[0,0,0,0],"995":[0,0],"996":[0,0],"997":[0,0],"998":[0,0],"999":[0,0,0],"1000":[0,0],"1001":[0,0],"1002":[0,0],"1003":[0,0],"1004":[0,0,0],"1005":[0,0],"1006":[0,0],"1007":[0,0,0],"1008":[0,0],"1009":[0,0,0],"1010":[0,0],"1011":[0,0],"1012":[0,0,0],"1013":[0,0],"1014":[0,0],"1015":[0,0],"1016":[0,0],"1017":[0,0],"1018":[0,0],"1019":[0,0],"1020":[0,0],"1021":[0,0],"1022":[0,0],"1023":[0,0],"1024":[0,0],"1025":[0,0],"1026":[0,0],"1027":[0,0,0],"1028":[0,0],"1029":[0,0],"1030":[0,0],"1031":[0,0],"1032":[0,0],"1033":[0,0],"1034":[0,0],"1035":[0,0,0],"1036":[0,0],"1037":[0,0],"1038":[0,0],"1039":[0,0],"1040":[0,0,0],"1041":[0,0],"1042":[0,0],"1043":[0,0],"1044":[0,0],"1045":[0,0],"1046":[0,0],"1047":[0,0],"1048":[0,0],"1049":[0,0],"1050":[0,0],"1051":[0,0],"1052":[0,0],"1053":[0,0],"1054":[0,0,0],"1055":[0,0],"1056":[0,0],"1057":[0,0],"1058":[0,0],"1059":[0,0,0],"1060":[0,0],"1061":[0,0],"1062":[0,0],"1063":[0,0],"1064":[0,0],"1065":[0,0],"1066":[0,0],"1067":[0,0],"1068":[0,0],"1069":[0,0],"1070":[0,0],"1071":[0,0],"1072":[0,0],"1073":[0,0],"1074":[0,0],"1075":[0,0],"1076":[0,0],"1077":[0,0],"1078":[0,0],"1079":[0,0],"1080":[0,0,0],"1081":[0,0,0],"1082":[0,0],"1083":[0,0],"1084":[0,0],"1085":[0,0],"1086":[0,0],"1087":[0,0],"1088":[0,0],"1089":[0,0],"1090":[0,0],"1091":[0,0],"1092":[0,0,0],"1093":[0,0],"1094":[0,0],"1095":[0,0],"1096":[0,0],"1097":[0,0],"1098":[0,0],"1099":[0,0],"1100":[0,0],"1101":[0,0],"1102":[0,0],"1103":[0,0],"1104":[0,0],"1105":[0,0],"1106":[0,0],"1107":[0,0],"1108":[0,0],"1109":[0,0],"1110":[0,0],"1111":[0,0],"1112":[0,0],"1113":[0,0],"1114":[0,0],"1115":[0,0],"1116":[0,0],"1117":[0,0],"1118":[0,0],"1119":[0,0],"1120":[0,0],"1121":[0,0],"1122":[0,0],"1123":[0,0],"1124":[0,0],"1125":[0,0],"1126":[0,0],"1127":[0,0],"1128":[0,0],"1129":[0,0],"1130":[0,0],"1131":[0,0,0,0,0],"1132":[0,0,0,0,0],"1133":[0,0],"1134":[0,0],"1135":[0,0],"1136":[0,0],"1137":[0,0],"1138":[0,0],"1139":[0,0],"1140":[0,0],"1141":[0,0],"1142":[0,0],"1143":[0,0],"1144":[0,0],"1145":[0,0],"1146":[0,0],"1147":[0,0],"1148":[0,0],"1149":[0,0],"1150":[0,0],"1151":[0,0],"1152":[0,0],"1153":[0,0,0],"1154":[0,0],"1155":[0,0,0],"1156":[0,0],"1157":[0,0],"1158":[0,0],"1159":[0,0],"1160":[0,0],"1161":[0,0],"1162":[0,0],"1163":[0,0],"1164":[0,0],"1165":[0,0],"1166":[0,0],"1167":[0,0],"1168":[0,0],"1169":[0,0],"1170":[0,0],"1171":[0,0],"1172":[0,0],"1173":[0,0],"1174":[0,0],"1175":[0,0],"1176":[0,0],"1177":[0,0,0],"1178":[0,0],"1179":[0,0],"1180":[0,0],"1181":[0,0],"1182":[0,0],"1183":[0,0],"1184":[0,0],"1185":[0,0],"1186":[0,0,0],"1187":[0,0],"1188":[0,0,0],"1189":[0,0],"1190":[0,0],"1191":[0,0,0],"1192":[0,0],"1193":[0,0],"1194":[0,0],"1195":[0,0],"1196":[0,0],"1197":[0,0],"1198":[0,0],"1199":[0,0],"1200":[0,0],"1201":[0,0],"1202":[0,0,0],"1203":[0,0],"1204":[0,0],"1205":[0,0],"1206":[0,0],"1207":[0,0],"1208":[0,0,0],"1209":[0,0],"1210":[0,0,0],"1211":[0,0],"1212":[0,0],"1213":[0,0,0],"1214":[0,0],"1215":[0,0],"1216":[0,0],"1217":[0,0],"1218":[0,0],"1219":[0,0],"1220":[0,0,0],"1221":[0,0],"1222":[0,0],"1223":[0,0],"1224":[0,0],"1225":[0,0],"1226":[0,0],"1227":[0,0],"1228":[0,0],"1229":[0,0],"1230":[0,0],"1231":[0,0],"1232":[0,0],"1233":[0,0],"1234":[0,0],"1235":[0,0],"1236":[0,0],"1237":[0,0],"1238":[0,0],"1239":[0,0],"1240":[0,0],"1241":[0,0],"1242":[0,0],"1243":[0,0],"1244":[0,0],"1245":[0,0],"1246":[0,0],"1247":[0,0],"1248":[0,0],"1249":[0,0],"1250":[0,0],"1251":[0,0],"1252":[0,0],"1253":[0,0],"1254":[0,0],"1255":[0,0],"1256":[0,0,0],"1257":[0,0],"1258":[0,0],"1259":[0,0],"1260":[0,0],"1261":[0,0],"1262":[0,0],"1263":[0,0],"1264":[0,0],"1265":[0,0],"1266":[0,0],"1267":[0,0,0],"1268":[0,0],"1269":[0,0],"1270":[0,0],"1271":[0,0],"1272":[0,0],"1273":[0,0],"1274":[0,0,0,0,0],"1275":[0,0],"1276":[0,0],"1277":[0,0],"1278":[0,0],"1279":[0,0],"1280":[0,0],"1281":[0,0],"1282":[0,0],"1283":[0,0],"1284":[0,0],"1285":[0,0],"1286":[0,0],"1287":[0,0],"1288":[0,0],"1289":[0,0],"1290":[0,0],"1291":[0,0],"1292":[0,0],"1293":[0,0],"1294":[0,0],"1295":[0,0],"1296":[0,0],"1297":[0,0],"1298":[0,0,0],"1299":[0,0],"1300":[0,0,0],"1301":[0,0],"1302":[0,0],"1303":[0,0],"1304":[0,0],"1305":[0,0,0],"1306":[0,0],"1307":[0,0],"1308":[0,0],"1309":[0,0],"1310":[0,0],"1311":[0,0],"1312":[0,0],"1313":[0,0],"1314":[0,0,0],"1315":[0,0],"1316":[0,0],"1317":[0,0],"1318":[0,0],"1319":[0,0,0],"1320":[0,0],"1321":[0,0,0],"1322":[0,0],"1323":[0,0],"1324":[0,0],"1325":[0,0],"1326":[0,0],"1327":[0,0],"1328":[0,0],"1329":[0,0],"1330":[0,0],"1331":[0,0],"1332":[0,0],"1333":[0,0],"1334":[0,0],"1335":[0,0],"1336":[0,0],"1337":[0,0],"1338":[0,0],"1339":[0,0],"1340":[0,0],"1341":[0,0],"1342":[0,0],"1343":[0,0],"1344":[0,0],"1345":[0,0],"1346":[0,0],"1347":[0,0],"1348":[0,0,0],"1349":[0,0],"1350":[0,0,0,0,0,0],"1351":[0,0],"1352":[0,0],"1353":[0,0],"1354":[0,0],"1355":[0,0],"1356":[0,0],"1357":[0,0],"1358":[0,0],"1359":[0,0],"1360":[0,0],"1361":[0,0],"1362":[0,0,0],"1363":[0,0],"1364":[0,0,0],"1365":[0,0],"1366":[0,0],"1367":[0,0],"1368":[0,0],"1369":[0,0],"1370":[0,0],"1371":[0,0],"1372":[0,0],"1373":[0,0],"1374":[0,0],"1375":[0,0],"1376":[0,0],"1377":[0,0],"1378":[0,0],"1379":[0,0],"1380":[0,0],"1381":[0,0],"1382":[0,0],"1383":[0,0],"1384":[0,0],"1385":[0,0,0],"1386":[0,0],"1387":[0,0],"1388":[0,0],"1389":[0,0],"1390":[0,0],"1391":[0,0],"1392":[0,0],"1393":[0,0],"1394":[0,0],"1395":[0,0],"1396":[0,0],"1397":[0,0],"1398":[0,0],"1399":[0,0],"1400":[0,0],"1401":[0,0],"1402":[0,0],"1403":[0,0],"1404":[0,0],"1405":[0,0],"1406":[0,0,0],"1407":[0,0],"1408":[0,0],"1409":[0,0],"1410":[0,0],"1411":[0,0],"1412":[0,0],"1413":[0,0],"1414":[0,0],"1415":[0,0],"1416":[0,0],"1417":[0,0],"1418":[0,0],"1419":[0,0],"1420":[0,0,0],"1421":[0,0,0,0],"1422":[0,0],"1423":[0,0],"1424":[0,0],"1425":[0,0],"1426":[0,0,0],"1427":[0,0],"1428":[0,0],"1429":[0,0],"1430":[0,0],"1431":[0,0],"1432":[0,0],"1433":[0,0,0],"1434":[0,0],"1435":[0,0],"1436":[0,0],"1437":[0,0],"1438":[0,0,0],"1439":[0,0],"1440":[0,0],"1441":[0,0],"1442":[0,0],"1443":[0,0],"1444":[0,0,0,0],"1445":[0,0],"1446":[0,0],"1447":[0,0],"1448":[0,0],"1449":[0,0,0],"1450":[0,0],"1451":[0,0],"1452":[0,0],"1453":[0,0],"1454":[0,0],"1455":[0,0],"1456":[0,0],"1457":[0,0],"1458":[0,0],"1459":[0,0],"1460":[0,0,0],"1461":[0,0],"1462":[0,0],"1463":[0,0],"1464":[0,0],"1465":[0,0],"1466":[0,0],"1467":[0,0],"1468":[0,0],"1469":[0,0],"1470":[0,0],"1471":[0,0],"1472":[0,0],"1473":[0,0],"1474":[0,0],"1475":[0,0],"1476":[0,0],"1477":[0,0],"1478":[0,0],"1479":[0,0],"1480":[0,0],"1481":[0,0],"1482":[0,0],"1483":[0,0],"1484":[0,0],"1485":[0,0],"1486":[0,0],"1487":[0,0],"1488":[0,0,0],"1489":[0,0],"1490":[0,0],"1491":[0,0,0],"1492":[0,0],"1493":[0,0],"1494":[0,0],"1495":[0,0],"1496":[0,0],"1497":[0,0],"1498":[0,0],"1499":[0,0],"1500":[0,0],"1501":[0,0],"1502":[0,0],"1503":[0,0],"1504":[0,0],"1505":[0,0],"1506":[0,0],"1507":[0,0],"1508":[0,0,0],"1509":[0,0],"1510":[0,0],"1511":[0,0],"1512":[0,0],"1513":[0,0],"1514":[0,0],"1515":[0,0],"1516":[0,0],"1517":[0,0],"1518":[0,0],"1519":[0,0],"1520":[0,0],"1521":[0,0],"1522":[0,0],"1523":[0,0,0,0],"1524":[0,0],"1525":[0,0],"1526":[0,0],"1527":[0,0],"1528":[0,0],"1529":[0,0],"1530":[0,0],"1531":[0,0],"1532":[0,0],"1533":[0,0],"1534":[0,0],"1535":[0,0],"1536":[0,0],"1537":[0,0],"1538":[0,0],"1539":[0,0],"1540":[0,0],"1541":[0,0],"1542":[0,0],"1543":[0,0],"1544":[0,0],"1545":[0,0],"1546":[0,0],"1547":[0,0],"1548":[0,0],"1549":[0,0],"1550":[0,0],"1551":[0,0],"1552":[0,0],"1553":[0,0],"1554":[0,0,0],"1555":[0,0],"1556":[0,0],"1557":[0,0],"1558":[0,0],"1559":[0,0],"1560":[0,0],"1561":[0,0],"1562":[0,0],"1563":[0,0],"1564":[0,0],"1565":[0,0],"1566":[0,0],"1567":[0,0],"1568":[0,0],"1569":[0,0,0,0],"1570":[0,0],"1571":[0,0,0],"1572":[0,0],"1573":[0,0],"1574":[0,0],"1575":[0,0],"1576":[0,0],"1577":[0,0],"1578":[0,0],"1579":[0,0],"1580":[0,0],"1581":[0,0],"1582":[0,0],"1583":[0,0,0],"1584":[0,0],"1585":[0,0],"1586":[0,0],"1587":[0,0],"1588":[0,0],"1589":[0,0],"1590":[0,0],"1591":[0,0],"1592":[0,0],"1593":[0,0],"1594":[0,0],"1595":[0,0],"1596":[0,0],"1597":[0,0],"1598":[0,0],"1599":[0,0],"1600":[0,0],"1601":[0,0,0],"1602":[0,0],"1603":[0,0],"1604":[0,0],"1605":[0,0],"1606":[0,0],"1607":[0,0]},"all":true},"c:\\Users\\dell\\Documents\\WEB_DEV_REVISION_ONLINE_CB\\socketIO\\frontend\\script.js":{"path":"c:\\Users\\dell\\Documents\\WEB_DEV_REVISION_ONLINE_CB\\socketIO\\frontend\\script.js","statementMap":{"0":{"start":{"line":1,"column":11},"end":{"line":1,"column":15}},"1":{"start":{"line":2,"column":0},"end":{"line":4,"column":2}},"2":{"start":{"line":3,"column":4},"end":{"line":3,"column":26}},"3":{"start":{"line":7,"column":0},"end":{"line":41,"column":2}},"4":{"start":{"line":8,"column":15},"end":{"line":8,"column":27}},"5":{"start":{"line":9,"column":17},"end":{"line":9,"column":31}},"6":{"start":{"line":10,"column":15},"end":{"line":10,"column":27}},"7":{"start":{"line":11,"column":17},"end":{"line":11,"column":31}},"8":{"start":{"line":12,"column":17},"end":{"line":12,"column":31}},"9":{"start":{"line":13,"column":18},"end":{"line":13,"column":33}},"10":{"start":{"line":14,"column":17},"end":{"line":14,"column":31}},"11":{"start":{"line":15,"column":13},"end":{"line":15,"column":15}},"12":{"start":{"line":16,"column":4},"end":{"line":27,"column":6}},"13":{"start":{"line":17,"column":8},"end":{"line":17,"column":27}},"14":{"start":{"line":18,"column":8},"end":{"line":26,"column":9}},"15":{"start":{"line":18,"column":21},"end":{"line":18,"column":66}},"16":{"start":{"line":20,"column":12},"end":{"line":20,"column":61}},"17":{"start":{"line":21,"column":12},"end":{"line":21,"column":28}},"18":{"start":{"line":22,"column":12},"end":{"line":22,"column":27}},"19":{"start":{"line":25,"column":12},"end":{"line":25,"column":48}},"20":{"start":{"line":31,"column":4},"end":{"line":36,"column":6}},"21":{"start":{"line":34,"column":8},"end":{"line":34,"column":68}},"22":{"start":{"line":35,"column":8},"end":{"line":35,"column":22}},"23":{"start":{"line":38,"column":4},"end":{"line":40,"column":6}},"24":{"start":{"line":39,"column":8},"end":{"line":39,"column":68}}},"fnMap":{"0":{"name":"(anonymous_0)","decl":{"start":{"line":2,"column":22},"end":{"line":2,"column":23}},"loc":{"start":{"line":2,"column":26},"end":{"line":4,"column":1}},"line":2},"1":{"name":"(anonymous_1)","decl":{"start":{"line":7,"column":2},"end":{"line":7,"column":3}},"loc":{"start":{"line":7,"column":6},"end":{"line":41,"column":1}},"line":7},"2":{"name":"(anonymous_2)","decl":{"start":{"line":16,"column":19},"end":{"line":16,"column":20}},"loc":{"start":{"line":16,"column":23},"end":{"line":27,"column":5}},"line":16},"3":{"name":"(anonymous_3)","decl":{"start":{"line":31,"column":19},"end":{"line":31,"column":20}},"loc":{"start":{"line":31,"column":23},"end":{"line":36,"column":5}},"line":31},"4":{"name":"(anonymous_4)","decl":{"start":{"line":38,"column":25},"end":{"line":38,"column":26}},"loc":{"start":{"line":38,"column":33},"end":{"line":40,"column":5}},"line":38}},"branchMap":{"0":{"loc":{"start":{"line":18,"column":8},"end":{"line":26,"column":9}},"type":"if","locations":[{"start":{"line":18,"column":8},"end":{"line":26,"column":9}},{"start":{"line":18,"column":8},"end":{"line":26,"column":9}}],"line":18}},"s":{"0":0,"1":0,"2":0,"3":0,"4":0,"5":0,"6":0,"7":0,"8":0,"9":0,"10":0,"11":0,"12":0,"13":0,"14":0,"15":0,"16":0,"17":0,"18":0,"19":0,"20":0,"21":0,"22":0,"23":0,"24":0},"f":{"0":0,"1":0,"2":0,"3":0,"4":0},"b":{"0":[0,0]},"all":true},"c:\\Users\\dell\\Documents\\WEB_DEV_REVISION_ONLINE_CB\\socketIO\\server.js":{"path":"c:\\Users\\dell\\Documents\\WEB_DEV_REVISION_ONLINE_CB\\socketIO\\server.js","statementMap":{"0":{"start":{"line":1,"column":14},"end":{"line":1,"column":32}},"1":{"start":{"line":2,"column":15},"end":{"line":2,"column":35}},"2":{"start":{"line":3,"column":10},"end":{"line":3,"column":19}},"3":{"start":{"line":4,"column":11},"end":{"line":4,"column":26}},"4":{"start":{"line":5,"column":13},"end":{"line":5,"column":35}},"5":{"start":{"line":6,"column":9},"end":{"line":6,"column":25}},"6":{"start":{"line":7,"column":11},"end":{"line":7,"column":33}},"7":{"start":{"line":8,"column":0},"end":{"line":8,"column":50}},"8":{"start":{"line":9,"column":18},"end":{"line":9,"column":20}},"9":{"start":{"line":10,"column":0},"end":{"line":32,"column":2}},"10":{"start":{"line":11,"column":4},"end":{"line":11,"column":50}},"11":{"start":{"line":12,"column":4},"end":{"line":12,"column":28}},"12":{"start":{"line":13,"column":4},"end":{"line":17,"column":6}},"13":{"start":{"line":15,"column":8},"end":{"line":15,"column":46}},"14":{"start":{"line":18,"column":4},"end":{"line":31,"column":6}},"15":{"start":{"line":19,"column":8},"end":{"line":30,"column":9}},"16":{"start":{"line":20,"column":26},"end":{"line":20,"column":62}},"17":{"start":{"line":21,"column":39},"end":{"line":21,"column":63}},"18":{"start":{"line":23,"column":12},"end":{"line":23,"column":63}},"19":{"start":{"line":28,"column":12},"end":{"line":28,"column":36}},"20":{"start":{"line":34,"column":0},"end":{"line":34,"column":78}},"21":{"start":{"line":34,"column":23},"end":{"line":34,"column":77}}},"fnMap":{"0":{"name":"(anonymous_0)","decl":{"start":{"line":10,"column":19},"end":{"line":10,"column":20}},"loc":{"start":{"line":10,"column":29},"end":{"line":32,"column":1}},"line":10},"1":{"name":"(anonymous_1)","decl":{"start":{"line":13,"column":22},"end":{"line":13,"column":23}},"loc":{"start":{"line":13,"column":30},"end":{"line":17,"column":5}},"line":13},"2":{"name":"(anonymous_2)","decl":{"start":{"line":18,"column":25},"end":{"line":18,"column":26}},"loc":{"start":{"line":18,"column":33},"end":{"line":31,"column":5}},"line":18},"3":{"name":"(anonymous_3)","decl":{"start":{"line":34,"column":19},"end":{"line":34,"column":20}},"loc":{"start":{"line":34,"column":23},"end":{"line":34,"column":77}},"line":34}},"branchMap":{"0":{"loc":{"start":{"line":7,"column":11},"end":{"line":7,"column":33}},"type":"binary-expr","locations":[{"start":{"line":7,"column":11},"end":{"line":7,"column":27}},{"start":{"line":7,"column":29},"end":{"line":7,"column":33}}],"line":7},"1":{"loc":{"start":{"line":19,"column":8},"end":{"line":30,"column":9}},"type":"if","locations":[{"start":{"line":19,"column":8},"end":{"line":30,"column":9}},{"start":{"line":19,"column":8},"end":{"line":30,"column":9}}],"line":19}},"s":{"0":0,"1":0,"2":0,"3":0,"4":0,"5":0,"6":0,"7":0,"8":0,"9":0,"10":0,"11":0,"12":0,"13":0,"14":0,"15":0,"16":0,"17":0,"18":0,"19":0,"20":0,"21":0},"f":{"0":0,"1":0,"2":0,"3":0},"b":{"0":[0,0],"1":[0,0]},"all":true}}